#
# A fatal error has been detected by the Java Runtime Environment:
#
#  SIGSEGV (0xb) at pc=0x00007f219c204c50, pid=10333, tid=139782178572032
#
# JRE version: OpenJDK Runtime Environment (7.0_51) (build 1.7.0_51-b00)
# Java VM: OpenJDK 64-Bit Server VM (24.45-b08 mixed mode linux-amd64 compressed oops)
# Problematic frame:
# C  [libXrandr.so.2+0x2c50]  XRRConfigTimes+0x0
#
# Failed to write core dump. Core dumps have been disabled. To enable core dumping, try "ulimit -c unlimited" before starting Java again
#
# If you would like to submit a bug report, please include
# instructions on how to reproduce the bug and visit:
#   http://icedtea.classpath.org/bugzilla
# The crash happened outside the Java Virtual Machine in native code.
# See problematic frame for where to report the bug.
#

---------------  T H R E A D  ---------------

Current thread (0x00007f21cc203800):  JavaThread "Thread-0" [_thread_in_native, id=10360, stack(0x00007f2193098000,0x00007f2193199000)]

siginfo:si_signo=SIGSEGV: si_errno=0, si_code=1 (SEGV_MAPERR), si_addr=0x0000000000000028

Registers:
RAX=0x0000000000000000, RBX=0x0000000000a288b0, RCX=0x0000000000000000, RDX=0x0000000000000000
RSP=0x00007f2193197618, RBP=0x0000000000000000, RSI=0x00007f2193197630, RDI=0x0000000000000000
R8 =0x0000000000000000, R9 =0x0000000000000032, R10=0x0000000000020f71, R11=0x0000000000000246
R12=0x0000000000000253, R13=0x00007f2178000f80, R14=0x00007f21931976a8, R15=0x00007f2178000f80
RIP=0x00007f219c204c50, EFLAGS=0x0000000000010246, CSGSFS=0x0000000000000033, ERR=0x0000000000000004
  TRAPNO=0x000000000000000e

Top of Stack: (sp=0x00007f2193197618)
0x00007f2193197618:   00007f21933f8371 0000000000000000
0x00007f2193197628:   0000000500000001 0000000001000000
0x00007f2193197638:   d6f07f2193197788 00007f2178000f80
0x00007f2193197648:   0000000000000000 00007f21cc2039d8
0x00007f2193197658:   0000000000000556 0000000000000300
0x00007f2193197668:   00007f21933f85e7 0000000000a288b0
0x00007f2193197678:   0000000acc202240 0000000000000032
0x00007f2193197688:   00007f21931976a8 00007f21931976b0
0x00007f2193197698:   00000000d1b87eb0 00007f2193197700
0x00007f21931976a8:   000000b8001c2a80 0000000000000000
0x00007f21931976b8:   0000000593197700 00000000b81b7c38
0x00007f21931976c8:   00000000b81b7c38 00007f2193197768
0x00007f21931976d8:   0000000000000000 00000000b81b7c30
0x00007f21931976e8:   00007f21931977a8 00007f21cc203800
0x00007f21931976f8:   00007f21c8bfc738 00007f21a004f528
0x00007f2193197708:   00007f21a004f528 00007f21a004f508
0x00007f2193197718:   00007f21a004f508 00007f21fffffffe
0x00007f2193197728:   00007f2193197728 00000000b81b7c30
0x00007f2193197738:   00007f21931977a8 00000000b81c1b60
0x00007f2193197748:   0000000000000000 00000000b81b7c38
0x00007f2193197758:   0000000000000000 00007f2193197788
0x00007f2193197768:   00007f21931977f0 00007f21c8bf0058
0x00007f2193197778:   00000000ebaeba38 00007f21c8bf8cd8
0x00007f2193197788:   00000000ebbae938 000000000000000a
0x00007f2193197798:   0000000000000000 0000000000a288b0
0x00007f21931977a8:   00007f21c8bf0175 00007f21931977b0
0x00007f21931977b8:   00000000b81b7b1e 00007f2193197810
0x00007f21931977c8:   00000000b81c1b60 0000000000000000
0x00007f21931977d8:   00000000b81b7b70 00007f2193197788
0x00007f21931977e8:   00007f2193197808 00007f2193197858
0x00007f21931977f8:   00007f21c8bf0058 0000000000000000
0x00007f2193197808:   00000000ebbae938 00000000ebafe390 

Instructions: (pc=0x00007f219c204c50)
0x00007f219c204c30:   7f e6 85 c9 74 0a 0f bf 08 48 83 c0 02 89 0a c3
0x00007f219c204c40:   c7 02 00 00 00 00 31 c0 c3 0f 1f 80 00 00 00 00
0x00007f219c204c50:   48 8b 47 28 48 89 06 48 8b 47 20 c3 0f 1f 40 00
0x00007f219c204c60:   0f b7 47 12 66 89 06 8b 47 18 c3 0f 1f 44 00 00 

Register to memory mapping:

RAX=0x0000000000000000 is an unknown value
RBX=0x0000000000a288b0 is an unknown value
RCX=0x0000000000000000 is an unknown value
RDX=0x0000000000000000 is an unknown value
RSP=0x00007f2193197618 is pointing into the stack for thread: 0x00007f21cc203800
RBP=0x0000000000000000 is an unknown value
RSI=0x00007f2193197630 is pointing into the stack for thread: 0x00007f21cc203800
RDI=0x0000000000000000 is an unknown value
R8 =0x0000000000000000 is an unknown value
R9 =0x0000000000000032 is an unknown value
R10=0x0000000000020f71 is an unknown value
R11=0x0000000000000246 is an unknown value
R12=0x0000000000000253 is an unknown value
R13=0x00007f2178000f80 is an unknown value
R14=0x00007f21931976a8 is pointing into the stack for thread: 0x00007f21cc203800
R15=0x00007f2178000f80 is an unknown value


Stack: [0x00007f2193098000,0x00007f2193199000],  sp=0x00007f2193197618,  free space=1021k
Native frames: (J=compiled Java code, j=interpreted, Vv=VM code, C=native code)
C  [libXrandr.so.2+0x2c50]  XRRConfigTimes+0x0

[error occurred during error reporting (printing native stack), id 0xb]

Java frames: (J=compiled Java code, j=interpreted, Vv=VM code)
j  org.lwjgl.opengl.LinuxDisplay.nSwitchDisplayMode(JIILorg/lwjgl/opengl/DisplayMode;)V+0
j  org.lwjgl.opengl.LinuxDisplay.switchDisplayModeOnTmpDisplay(Lorg/lwjgl/opengl/DisplayMode;)V+14
j  org.lwjgl.opengl.LinuxDisplay.switchDisplayMode(Lorg/lwjgl/opengl/DisplayMode;)V+5
j  org.lwjgl.opengl.LinuxDisplay.resetDisplayMode()V+40
j  org.lwjgl.opengl.Display.reset()V+3
j  org.lwjgl.opengl.Display.access$000()V+0
j  org.lwjgl.opengl.Display$1.run()V+0
v  ~StubRoutines::call_stub

---------------  P R O C E S S  ---------------

Java Threads: ( => current thread )
=>0x00007f21cc203800 JavaThread "Thread-0" [_thread_in_native, id=10360, stack(0x00007f2193098000,0x00007f2193199000)]
  0x00007f21cc2ba000 JavaThread "XToolkt-Shutdown-Thread" [_thread_blocked, id=10359, stack(0x00007f2190dd6000,0x00007f2190ed7000)]
  0x0000000000a21000 JavaThread "process reaper" daemon [_thread_blocked, id=10357, stack(0x00007f2190c9c000,0x00007f2190cd5000)]
  0x00007f21cc00a000 JavaThread "DestroyJavaVM" [_thread_blocked, id=10335, stack(0x00007f21d30a0000,0x00007f21d31a1000)]
  0x00007f21cc1f3000 JavaThread "AWT-XAWT" daemon [_thread_blocked, id=10351, stack(0x00007f219c000000,0x00007f219c101000)]
  0x00007f21cc1d0000 JavaThread "Java2D Disposer" daemon [_thread_blocked, id=10350, stack(0x00007f219c101000,0x00007f219c202000)]
  0x00007f21cc0a2000 JavaThread "Service Thread" daemon [_thread_blocked, id=10348, stack(0x00007f21c4680000,0x00007f21c4781000)]
  0x00007f21cc09f800 JavaThread "C2 CompilerThread1" daemon [_thread_blocked, id=10347, stack(0x00007f21c4781000,0x00007f21c4882000)]
  0x00007f21cc09c800 JavaThread "C2 CompilerThread0" daemon [_thread_blocked, id=10346, stack(0x00007f21c4882000,0x00007f21c4983000)]
  0x00007f21cc09a800 JavaThread "Signal Dispatcher" daemon [_thread_blocked, id=10345, stack(0x00007f21c4983000,0x00007f21c4a84000)]
  0x00007f21cc077800 JavaThread "Finalizer" daemon [_thread_blocked, id=10344, stack(0x00007f21c5166000,0x00007f21c5267000)]
  0x00007f21cc075800 JavaThread "Reference Handler" daemon [_thread_blocked, id=10343, stack(0x00007f21c5267000,0x00007f21c5368000)]

Other Threads:
  0x00007f21cc071000 VMThread [stack: 0x00007f21c5368000,0x00007f21c5469000] [id=10342]
  0x00007f21cc0ac800 WatcherThread [stack: 0x00007f21c457f000,0x00007f21c4680000] [id=10349]

VM state:not at safepoint (normal execution)

VM Mutex/Monitor currently owned by a thread: None

Heap
 PSYoungGen      total 18944K, used 14419K [0x00000000eb600000, 0x00000000ecb00000, 0x0000000100000000)
  eden space 16384K, 88% used [0x00000000eb600000,0x00000000ec414f10,0x00000000ec600000)
  from space 2560K, 0% used [0x00000000ec880000,0x00000000ec880000,0x00000000ecb00000)
  to   space 2560K, 0% used [0x00000000ec600000,0x00000000ec600000,0x00000000ec880000)
 ParOldGen       total 41984K, used 0K [0x00000000c2200000, 0x00000000c4b00000, 0x00000000eb600000)
  object space 41984K, 0% used [0x00000000c2200000,0x00000000c2200000,0x00000000c4b00000)
 PSPermGen       total 21504K, used 8437K [0x00000000b7c00000, 0x00000000b9100000, 0x00000000c2200000)
  object space 21504K, 39% used [0x00000000b7c00000,0x00000000b843d5b0,0x00000000b9100000)

Card table byte_map: [0x00007f21c89a7000,0x00007f21c8bea000] byte_map_base: 0x00007f21c83e9000

Polling page: 0x00007f21d31be000

Code Cache  [0x00007f21c8bea000, 0x00007f21c8e5a000, 0x00007f21cbbea000)
 total_blobs=476 nmethods=31 adapters=400 free_code_cache=48573Kb largest_free_block=49720128

Compilation events (10 events):
Event: 1,126 Thread 0x00007f21cc09f800   27   !         java.io.BufferedReader::readLine (304 bytes)
Event: 1,135 Thread 0x00007f21cc09c800   28             sun.nio.cs.UTF_8$Decoder::decodeArrayLoop (543 bytes)
Event: 1,166 Thread 0x00007f21cc09c800 nmethod 28 0x00007f21c8c78d90 code [0x00007f21c8c79020, 0x00007f21c8c79b90]
Event: 1,166 Thread 0x00007f21cc09c800   29             java.lang.String::indexOf (7 bytes)
Event: 1,177 Thread 0x00007f21cc09c800 nmethod 29 0x00007f21c8c75a50 code [0x00007f21c8c75ba0, 0x00007f21c8c75d08]
Event: 1,179 Thread 0x00007f21cc09c800   30             java.util.Arrays::copyOfRange (63 bytes)
Event: 1,179 Thread 0x00007f21cc09f800 nmethod 27 0x00007f21c8c7d450 code [0x00007f21c8c7d640, 0x00007f21c8c7eb30]
Event: 1,181 Thread 0x00007f21cc09c800 nmethod 30 0x00007f21c8c755d0 code [0x00007f21c8c75720, 0x00007f21c8c75918]
Event: 1,204 Thread 0x00007f21cc09f800   31             java.lang.String::<init> (67 bytes)
Event: 1,206 Thread 0x00007f21cc09f800 nmethod 31 0x00007f21c8c7b3d0 code [0x00007f21c8c7b520, 0x00007f21c8c7b798]

GC Heap History (0 events):
No events

Deoptimization events (0 events):
No events

Internal exceptions (10 events):
Event: 1,206 Thread 0x00007f21cc2ba000 Threw 0x00000000ec313a68 at /build/buildd/openjdk-7-7u51-2.4.4/build/openjdk/hotspot/src/share/vm/prims/jvm.cpp:1244
Event: 1,207 Thread 0x00007f21cc2ba000 Threw 0x00000000ec317ce0 at /build/buildd/openjdk-7-7u51-2.4.4/build/openjdk/hotspot/src/share/vm/prims/jvm.cpp:1244
Event: 1,207 Thread 0x00007f21cc2ba000 Threw 0x00000000ec31bf58 at /build/buildd/openjdk-7-7u51-2.4.4/build/openjdk/hotspot/src/share/vm/prims/jvm.cpp:1244
Event: 1,208 Thread 0x00007f21cc2ba000 Threw 0x00000000ec320240 at /build/buildd/openjdk-7-7u51-2.4.4/build/openjdk/hotspot/src/share/vm/prims/jvm.cpp:1244
Event: 1,208 Thread 0x00007f21cc2ba000 Threw 0x00000000ec324728 at /build/buildd/openjdk-7-7u51-2.4.4/build/openjdk/hotspot/src/share/vm/prims/jvm.cpp:1244
Event: 1,208 Thread 0x00007f21cc2ba000 Threw 0x00000000ec329c80 at /build/buildd/openjdk-7-7u51-2.4.4/build/openjdk/hotspot/src/share/vm/prims/jvm.cpp:1244
Event: 1,209 Thread 0x00007f21cc2ba000 Threw 0x00000000ec32df90 at /build/buildd/openjdk-7-7u51-2.4.4/build/openjdk/hotspot/src/share/vm/prims/jvm.cpp:1244
Event: 1,209 Thread 0x00007f21cc2ba000 Threw 0x00000000ec332158 at /build/buildd/openjdk-7-7u51-2.4.4/build/openjdk/hotspot/src/share/vm/prims/jvm.cpp:1244
Event: 1,210 Thread 0x00007f21cc2ba000 Threw 0x00000000ec336310 at /build/buildd/openjdk-7-7u51-2.4.4/build/openjdk/hotspot/src/share/vm/prims/jvm.cpp:1244
Event: 1,211 Thread 0x00007f21cc2ba000 Threw 0x00000000ec33a678 at /build/buildd/openjdk-7-7u51-2.4.4/build/openjdk/hotspot/src/share/vm/prims/jvm.cpp:1244

Events (10 events):
Event: 1,217 loading class 0x00007f21ac075b70 done
Event: 1,217 loading class 0x00007f21ac075b40 done
Event: 1,217 Thread 0x00007f21cc2ba000 Thread added: 0x00007f21cc2ba000
Event: 1,217 loading class 0x00007f21ac05b850
Event: 1,217 loading class 0x00007f21ac030890
Event: 1,217 loading class 0x00007f21ac030890 done
Event: 1,217 loading class 0x00007f21ac0308c0
Event: 1,217 loading class 0x00007f21ac0308c0 done
Event: 1,217 loading class 0x00007f21ac05b850 done
Event: 1,218 Thread 0x00007f21cc203800 Thread added: 0x00007f21cc203800


Dynamic libraries:
00400000-00401000 r-xp 00000000 08:06 1202055                            /usr/lib/jvm/java-7-openjdk-amd64/jre/bin/java
00600000-00601000 r--p 00000000 08:06 1202055                            /usr/lib/jvm/java-7-openjdk-amd64/jre/bin/java
00601000-00602000 rw-p 00001000 08:06 1202055                            /usr/lib/jvm/java-7-openjdk-amd64/jre/bin/java
00a0d000-01159000 rw-p 00000000 00:00 0                                  [heap]
4045d000-404fa000 rw-p 00000000 00:00 0 
413cd000-413cf000 r-xs 00000000 08:06 1061748                            /tmp/glE3Hhb8 (deleted)
b7c00000-b9100000 rw-p 00000000 00:00 0 
b9100000-c2200000 rw-p 00000000 00:00 0 
c2200000-c4b00000 rw-p 00000000 00:00 0 
c4b00000-eb600000 rw-p 00000000 00:00 0 
eb600000-ecb00000 rw-p 00000000 00:00 0 
ecb00000-100000000 rw-p 00000000 00:00 0 
7f2178000000-7f2178064000 rw-p 00000000 00:00 0 
7f2178064000-7f217c000000 ---p 00000000 00:00 0 
7f217daa8000-7f217f4ef000 r-xp 00000000 08:06 1198088                    /usr/lib/nvidia-319/libnvidia-glcore.so.319.32
7f217f4ef000-7f217f6ef000 ---p 01a47000 08:06 1198088                    /usr/lib/nvidia-319/libnvidia-glcore.so.319.32
7f217f6ef000-7f217ffe6000 rwxp 01a47000 08:06 1198088                    /usr/lib/nvidia-319/libnvidia-glcore.so.319.32
7f217ffe6000-7f217ffff000 rwxp 00000000 00:00 0 
7f2184000000-7f2184021000 rw-p 00000000 00:00 0 
7f2184021000-7f2188000000 ---p 00000000 00:00 0 
7f2188000000-7f2188021000 rw-p 00000000 00:00 0 
7f2188021000-7f218c000000 ---p 00000000 00:00 0 
7f218c000000-7f218c021000 rw-p 00000000 00:00 0 
7f218c021000-7f2190000000 ---p 00000000 00:00 0 
7f21901e8000-7f21903e8000 rw-s b0927000 00:05 11850                      /dev/nvidia0
7f21903e8000-7f21903e9000 rw-p 00000000 00:00 0 
7f21903e9000-7f21903eb000 rw-s 00000000 08:06 1061748                    /tmp/glE3Hhb8 (deleted)
7f21903eb000-7f21905eb000 rw-s 812b0000 00:05 11850                      /dev/nvidia0
7f21905eb000-7f21906eb000 rw-s 8228b000 00:05 11850                      /dev/nvidia0
7f21906eb000-7f21906f2000 rw-s d5d4c000 00:05 11850                      /dev/nvidia0
7f21906f2000-7f2190732000 rw-s d5d6b000 00:05 11850                      /dev/nvidia0
7f2190732000-7f2190752000 rw-s cd41e000 00:05 11850                      /dev/nvidia0
7f2190752000-7f2190755000 r-xp 00000000 08:06 1198083                    /usr/lib/nvidia-319/tls/libnvidia-tls.so.319.32
7f2190755000-7f2190954000 ---p 00003000 08:06 1198083                    /usr/lib/nvidia-319/tls/libnvidia-tls.so.319.32
7f2190954000-7f2190955000 rw-p 00002000 08:06 1198083                    /usr/lib/nvidia-319/tls/libnvidia-tls.so.319.32
7f2190955000-7f2190a2f000 r-xp 00000000 08:06 1198087                    /usr/lib/nvidia-319/libGL.so.319.32
7f2190a2f000-7f2190c2e000 ---p 000da000 08:06 1198087                    /usr/lib/nvidia-319/libGL.so.319.32
7f2190c2e000-7f2190c6d000 rwxp 000d9000 08:06 1198087                    /usr/lib/nvidia-319/libGL.so.319.32
7f2190c6d000-7f2190c83000 rwxp 00000000 00:00 0 
7f2190c83000-7f2190c87000 rw-s 2a441000 00:05 11850                      /dev/nvidia0
7f2190c87000-7f2190c9c000 rw-s 115a0b000 00:05 11850                     /dev/nvidia0
7f2190c9c000-7f2190c9f000 ---p 00000000 00:00 0 
7f2190c9f000-7f2190cd5000 rw-p 00000000 00:00 0                          [stack:10357]
7f2190cd5000-7f2190cd8000 ---p 00000000 00:00 0 
7f2190cd8000-7f2190dd6000 rw-p 00000000 00:00 0                          [stack:10355]
7f2190dd6000-7f2190dd9000 ---p 00000000 00:00 0 
7f2190dd9000-7f2190ed7000 rw-p 00000000 00:00 0                          [stack:10359]
7f2190ed7000-7f2190ed8000 ---p 00000000 00:00 0 
7f2190ed8000-7f21916d8000 rw-p 00000000 00:00 0 
7f21916d8000-7f21916df000 r-xp 00000000 08:06 1189211                    /usr/lib/x86_64-linux-gnu/libogg.so.0.8.1
7f21916df000-7f21918df000 ---p 00007000 08:06 1189211                    /usr/lib/x86_64-linux-gnu/libogg.so.0.8.1
7f21918df000-7f21918e0000 r--p 00007000 08:06 1189211                    /usr/lib/x86_64-linux-gnu/libogg.so.0.8.1
7f21918e0000-7f21918e1000 rw-p 00008000 08:06 1189211                    /usr/lib/x86_64-linux-gnu/libogg.so.0.8.1
7f21918e1000-7f219190c000 r-xp 00000000 08:06 1189427                    /usr/lib/x86_64-linux-gnu/libvorbis.so.0.4.5
7f219190c000-7f2191b0c000 ---p 0002b000 08:06 1189427                    /usr/lib/x86_64-linux-gnu/libvorbis.so.0.4.5
7f2191b0c000-7f2191b0d000 r--p 0002b000 08:06 1189427                    /usr/lib/x86_64-linux-gnu/libvorbis.so.0.4.5
7f2191b0d000-7f2191b0e000 rw-p 0002c000 08:06 1189427                    /usr/lib/x86_64-linux-gnu/libvorbis.so.0.4.5
7f2191b0e000-7f2191dc1000 r-xp 00000000 08:06 1189429                    /usr/lib/x86_64-linux-gnu/libvorbisenc.so.2.0.8
7f2191dc1000-7f2191fc0000 ---p 002b3000 08:06 1189429                    /usr/lib/x86_64-linux-gnu/libvorbisenc.so.2.0.8
7f2191fc0000-7f2191fdc000 r--p 002b2000 08:06 1189429                    /usr/lib/x86_64-linux-gnu/libvorbisenc.so.2.0.8
7f2191fdc000-7f2191fdd000 rw-p 002ce000 08:06 1189429                    /usr/lib/x86_64-linux-gnu/libvorbisenc.so.2.0.8
7f2191fdd000-7f219200c000 r-xp 00000000 08:06 1188551                    /usr/lib/x86_64-linux-gnu/libFLAC.so.8.3.0
7f219200c000-7f219220c000 ---p 0002f000 08:06 1188551                    /usr/lib/x86_64-linux-gnu/libFLAC.so.8.3.0
7f219220c000-7f219220d000 r--p 0002f000 08:06 1188551                    /usr/lib/x86_64-linux-gnu/libFLAC.so.8.3.0
7f219220d000-7f219220e000 rw-p 00030000 08:06 1188551                    /usr/lib/x86_64-linux-gnu/libFLAC.so.8.3.0
7f219220e000-7f2192213000 r-xp 00000000 08:06 1188649                    /usr/lib/x86_64-linux-gnu/libasyncns.so.0.3.1
7f2192213000-7f2192412000 ---p 00005000 08:06 1188649                    /usr/lib/x86_64-linux-gnu/libasyncns.so.0.3.1
7f2192412000-7f2192413000 r--p 00004000 08:06 1188649                    /usr/lib/x86_64-linux-gnu/libasyncns.so.0.3.1
7f2192413000-7f2192414000 rw-p 00005000 08:06 1188649                    /usr/lib/x86_64-linux-gnu/libasyncns.so.0.3.1
7f2192414000-7f2192475000 r-xp 00000000 08:06 1189339                    /usr/lib/x86_64-linux-gnu/libsndfile.so.1.0.25
7f2192475000-7f2192675000 ---p 00061000 08:06 1189339                    /usr/lib/x86_64-linux-gnu/libsndfile.so.1.0.25
7f2192675000-7f2192677000 r--p 00061000 08:06 1189339                    /usr/lib/x86_64-linux-gnu/libsndfile.so.1.0.25
7f2192677000-7f2192678000 rw-p 00063000 08:06 1189339                    /usr/lib/x86_64-linux-gnu/libsndfile.so.1.0.25
7f2192678000-7f219267c000 rw-p 00000000 00:00 0 
7f219267c000-7f2192684000 r-xp 00000000 08:06 397398                     /lib/x86_64-linux-gnu/libwrap.so.0.7.6
7f2192684000-7f2192884000 ---p 00008000 08:06 397398                     /lib/x86_64-linux-gnu/libwrap.so.0.7.6
7f2192884000-7f2192885000 r--p 00008000 08:06 397398                     /lib/x86_64-linux-gnu/libwrap.so.0.7.6
7f2192885000-7f2192886000 rw-p 00009000 08:06 397398                     /lib/x86_64-linux-gnu/libwrap.so.0.7.6
7f2192886000-7f21928ec000 r-xp 00000000 08:06 1445117                    /usr/lib/x86_64-linux-gnu/pulseaudio/libpulsecommon-4.0.so
7f21928ec000-7f2192aeb000 ---p 00066000 08:06 1445117                    /usr/lib/x86_64-linux-gnu/pulseaudio/libpulsecommon-4.0.so
7f2192aeb000-7f2192aec000 r--p 00065000 08:06 1445117                    /usr/lib/x86_64-linux-gnu/pulseaudio/libpulsecommon-4.0.so
7f2192aec000-7f2192aed000 rw-p 00066000 08:06 1445117                    /usr/lib/x86_64-linux-gnu/pulseaudio/libpulsecommon-4.0.so
7f2192aed000-7f2192af6000 r-xp 00000000 08:06 397282                     /lib/x86_64-linux-gnu/libjson-c.so.2.0.1
7f2192af6000-7f2192cf5000 ---p 00009000 08:06 397282                     /lib/x86_64-linux-gnu/libjson-c.so.2.0.1
7f2192cf5000-7f2192cf6000 r--p 00008000 08:06 397282                     /lib/x86_64-linux-gnu/libjson-c.so.2.0.1
7f2192cf6000-7f2192cf7000 rw-p 00009000 08:06 397282                     /lib/x86_64-linux-gnu/libjson-c.so.2.0.1
7f2192cf7000-7f2192d3e000 r-xp 00000000 08:06 1189276                    /usr/lib/x86_64-linux-gnu/libpulse.so.0.16.2
7f2192d3e000-7f2192f3e000 ---p 00047000 08:06 1189276                    /usr/lib/x86_64-linux-gnu/libpulse.so.0.16.2
7f2192f3e000-7f2192f3f000 r--p 00047000 08:06 1189276                    /usr/lib/x86_64-linux-gnu/libpulse.so.0.16.2
7f2192f3f000-7f2192f40000 rw-p 00048000 08:06 1189276                    /usr/lib/x86_64-linux-gnu/libpulse.so.0.16.2
7f2193098000-7f219309b000 ---p 00000000 00:00 0 
7f219309b000-7f2193199000 rw-p 00000000 00:00 0                          [stack:10360]
7f2193199000-7f219319d000 r-xp 00000000 08:06 1188619                    /usr/lib/x86_64-linux-gnu/libXxf86vm.so.1.0.0
7f219319d000-7f219339d000 ---p 00004000 08:06 1188619                    /usr/lib/x86_64-linux-gnu/libXxf86vm.so.1.0.0
7f219339d000-7f219339e000 r--p 00004000 08:06 1188619                    /usr/lib/x86_64-linux-gnu/libXxf86vm.so.1.0.0
7f219339e000-7f219339f000 rw-p 00005000 08:06 1188619                    /usr/lib/x86_64-linux-gnu/libXxf86vm.so.1.0.0
7f219339f000-7f21933a0000 rw-p 00000000 00:00 0 
7f21933a0000-7f21933a1000 rw-s e0006000 00:05 11850                      /dev/nvidia0
7f21933a1000-7f21933a2000 rw-s d6f6b000 00:05 11850                      /dev/nvidia0
7f21933a3000-7f21933a4000 rw-s fb641000 00:05 11850                      /dev/nvidia0
7f21933a4000-7f21933a5000 rw-s 8f31a000 00:05 11850                      /dev/nvidia0
7f21933a5000-7f21933a6000 rw-s 33b29000 00:05 11850                      /dev/nvidia0
7f21933a6000-7f21933a7000 rw-s fb060000 00:05 11850                      /dev/nvidia0
7f21933a7000-7f21933b8000 r--p 00000000 08:06 1711624                    /usr/share/locale-langpack/es/LC_MESSAGES/pulseaudio.mo
7f21933b8000-7f2193422000 r-xp 00000000 08:06 1061720                    /tmp/libgdxxelun/d13da6b9/liblwjgl64.so
7f2193422000-7f2193622000 ---p 0006a000 08:06 1061720                    /tmp/libgdxxelun/d13da6b9/liblwjgl64.so
7f2193622000-7f2193624000 r--p 0006a000 08:06 1061720                    /tmp/libgdxxelun/d13da6b9/liblwjgl64.so
7f2193624000-7f2193625000 rw-p 0006c000 08:06 1061720                    /tmp/libgdxxelun/d13da6b9/liblwjgl64.so
7f2193625000-7f2193626000 r-xp 00000000 08:06 1201990                    /usr/lib/jvm/java-7-openjdk-amd64/jre/lib/amd64/libjawt.so
7f2193626000-7f2193825000 ---p 00001000 08:06 1201990                    /usr/lib/jvm/java-7-openjdk-amd64/jre/lib/amd64/libjawt.so
7f2193825000-7f2193826000 r--p 00000000 08:06 1201990                    /usr/lib/jvm/java-7-openjdk-amd64/jre/lib/amd64/libjawt.so
7f2193826000-7f2193827000 rw-p 00001000 08:06 1201990                    /usr/lib/jvm/java-7-openjdk-amd64/jre/lib/amd64/libjawt.so
7f2193827000-7f219382b000 r-xp 00000000 08:06 397273                     /lib/x86_64-linux-gnu/libgpg-error.so.0.10.0
7f219382b000-7f2193a2a000 ---p 00004000 08:06 397273                     /lib/x86_64-linux-gnu/libgpg-error.so.0.10.0
7f2193a2a000-7f2193a2b000 r--p 00003000 08:06 397273                     /lib/x86_64-linux-gnu/libgpg-error.so.0.10.0
7f2193a2b000-7f2193a2c000 rw-p 00004000 08:06 397273                     /lib/x86_64-linux-gnu/libgpg-error.so.0.10.0
7f2193a2c000-7f2193a2e000 r-xp 00000000 08:06 397285                     /lib/x86_64-linux-gnu/libkeyutils.so.1.4
7f2193a2e000-7f2193c2e000 ---p 00002000 08:06 397285                     /lib/x86_64-linux-gnu/libkeyutils.so.1.4
7f2193c2e000-7f2193c2f000 r--p 00002000 08:06 397285                     /lib/x86_64-linux-gnu/libkeyutils.so.1.4
7f2193c2f000-7f2193c30000 rw-p 00003000 08:06 397285                     /lib/x86_64-linux-gnu/libkeyutils.so.1.4
7f2193c30000-7f2193c48000 r-xp 00000000 08:06 1188949                    /usr/lib/x86_64-linux-gnu/libgraphite2.so.3.0.1
7f2193c48000-7f2193e47000 ---p 00018000 08:06 1188949                    /usr/lib/x86_64-linux-gnu/libgraphite2.so.3.0.1
7f2193e47000-7f2193e49000 r--p 00017000 08:06 1188949                    /usr/lib/x86_64-linux-gnu/libgraphite2.so.3.0.1
7f2193e49000-7f2193e4a000 rw-p 00019000 08:06 1188949                    /usr/lib/x86_64-linux-gnu/libgraphite2.so.3.0.1
7f2193e4a000-7f2193e8e000 r-xp 00000000 08:06 397254                     /lib/x86_64-linux-gnu/libdbus-1.so.3.7.4
7f2193e8e000-7f219408d000 ---p 00044000 08:06 397254                     /lib/x86_64-linux-gnu/libdbus-1.so.3.7.4
7f219408d000-7f219408e000 r--p 00043000 08:06 397254                     /lib/x86_64-linux-gnu/libdbus-1.so.3.7.4
7f219408e000-7f219408f000 rw-p 00044000 08:06 397254                     /lib/x86_64-linux-gnu/libdbus-1.so.3.7.4
7f219408f000-7f21940ad000 r-xp 00000000 08:06 1189219                    /usr/lib/x86_64-linux-gnu/libp11-kit.so.0.0.0
7f21940ad000-7f21942ac000 ---p 0001e000 08:06 1189219                    /usr/lib/x86_64-linux-gnu/libp11-kit.so.0.0.0
7f21942ac000-7f21942ae000 r--p 0001d000 08:06 1189219                    /usr/lib/x86_64-linux-gnu/libp11-kit.so.0.0.0
7f21942ae000-7f21942af000 rw-p 0001f000 08:06 1189219                    /usr/lib/x86_64-linux-gnu/libp11-kit.so.0.0.0
7f21942af000-7f21942bf000 r-xp 00000000 08:06 1189371                    /usr/lib/x86_64-linux-gnu/libtasn1.so.3.2.0
7f21942bf000-7f21944be000 ---p 00010000 08:06 1189371                    /usr/lib/x86_64-linux-gnu/libtasn1.so.3.2.0
7f21944be000-7f21944bf000 r--p 0000f000 08:06 1189371                    /usr/lib/x86_64-linux-gnu/libtasn1.so.3.2.0
7f21944bf000-7f21944c0000 rw-p 00010000 08:06 1189371                    /usr/lib/x86_64-linux-gnu/libtasn1.so.3.2.0
7f21944c0000-7f219453a000 r-xp 00000000 08:06 397269                     /lib/x86_64-linux-gnu/libgcrypt.so.11.7.0
7f219453a000-7f219473a000 ---p 0007a000 08:06 397269                     /lib/x86_64-linux-gnu/libgcrypt.so.11.7.0
7f219473a000-7f219473b000 r--p 0007a000 08:06 397269                     /lib/x86_64-linux-gnu/libgcrypt.so.11.7.0
7f219473b000-7f219473e000 rw-p 0007b000 08:06 397269                     /lib/x86_64-linux-gnu/libgcrypt.so.11.7.0
7f219473e000-7f2194745000 r-xp 00000000 08:06 1189126                    /usr/lib/x86_64-linux-gnu/libkrb5support.so.0.1
7f2194745000-7f2194944000 ---p 00007000 08:06 1189126                    /usr/lib/x86_64-linux-gnu/libkrb5support.so.0.1
7f2194944000-7f2194945000 r--p 00006000 08:06 1189126                    /usr/lib/x86_64-linux-gnu/libkrb5support.so.0.1
7f2194945000-7f2194946000 rw-p 00007000 08:06 1189126                    /usr/lib/x86_64-linux-gnu/libkrb5support.so.0.1
7f2194946000-7f2194949000 r-xp 00000000 08:06 397249                     /lib/x86_64-linux-gnu/libcom_err.so.2.1
7f2194949000-7f2194b48000 ---p 00003000 08:06 397249                     /lib/x86_64-linux-gnu/libcom_err.so.2.1
7f2194b48000-7f2194b49000 r--p 00002000 08:06 397249                     /lib/x86_64-linux-gnu/libcom_err.so.2.1
7f2194b49000-7f2194b4a000 rw-p 00003000 08:06 397249                     /lib/x86_64-linux-gnu/libcom_err.so.2.1
7f2194b4a000-7f2194b70000 r-xp 00000000 08:06 1189120                    /usr/lib/x86_64-linux-gnu/libk5crypto.so.3.1
7f2194b70000-7f2194d6f000 ---p 00026000 08:06 1189120                    /usr/lib/x86_64-linux-gnu/libk5crypto.so.3.1
7f2194d6f000-7f2194d70000 r--p 00025000 08:06 1189120                    /usr/lib/x86_64-linux-gnu/libk5crypto.so.3.1
7f2194d70000-7f2194d71000 rw-p 00026000 08:06 1189120                    /usr/lib/x86_64-linux-gnu/libk5crypto.so.3.1
7f2194d71000-7f2194d72000 rw-p 00000000 00:00 0 
7f2194d72000-7f2194e37000 r-xp 00000000 08:06 1189124                    /usr/lib/x86_64-linux-gnu/libkrb5.so.3.3
7f2194e37000-7f2195036000 ---p 000c5000 08:06 1189124                    /usr/lib/x86_64-linux-gnu/libkrb5.so.3.3
7f2195036000-7f2195040000 r--p 000c4000 08:06 1189124                    /usr/lib/x86_64-linux-gnu/libkrb5.so.3.3
7f2195040000-7f2195041000 rw-p 000ce000 08:06 1189124                    /usr/lib/x86_64-linux-gnu/libkrb5.so.3.3
7f2195041000-7f2195047000 r-xp 00000000 08:06 1188758                    /usr/lib/x86_64-linux-gnu/libdatrie.so.1.2.0
7f2195047000-7f2195246000 ---p 00006000 08:06 1188758                    /usr/lib/x86_64-linux-gnu/libdatrie.so.1.2.0
7f2195246000-7f2195247000 r--p 00005000 08:06 1188758                    /usr/lib/x86_64-linux-gnu/libdatrie.so.1.2.0
7f2195247000-7f2195248000 rw-p 00006000 08:06 1188758                    /usr/lib/x86_64-linux-gnu/libdatrie.so.1.2.0
7f2195248000-7f2195298000 r-xp 00000000 08:06 1189059                    /usr/lib/x86_64-linux-gnu/libharfbuzz.so.0.919.0
7f2195298000-7f2195498000 ---p 00050000 08:06 1189059                    /usr/lib/x86_64-linux-gnu/libharfbuzz.so.0.919.0
7f2195498000-7f2195499000 r--p 00050000 08:06 1189059                    /usr/lib/x86_64-linux-gnu/libharfbuzz.so.0.919.0
7f2195499000-7f219549a000 rw-p 00051000 08:06 1189059                    /usr/lib/x86_64-linux-gnu/libharfbuzz.so.0.919.0
7f219549a000-7f21954a2000 r-xp 00000000 08:06 1189461                    /usr/lib/x86_64-linux-gnu/libxcb-render.so.0.0.0
7f21954a2000-7f21956a1000 ---p 00008000 08:06 1189461                    /usr/lib/x86_64-linux-gnu/libxcb-render.so.0.0.0
7f21956a1000-7f21956a2000 r--p 00007000 08:06 1189461                    /usr/lib/x86_64-linux-gnu/libxcb-render.so.0.0.0
7f21956a2000-7f21956a3000 rw-p 00008000 08:06 1189461                    /usr/lib/x86_64-linux-gnu/libxcb-render.so.0.0.0
7f21956a3000-7f21956a5000 r-xp 00000000 08:06 1189465                    /usr/lib/x86_64-linux-gnu/libxcb-shm.so.0.0.0
7f21956a5000-7f21958a4000 ---p 00002000 08:06 1189465                    /usr/lib/x86_64-linux-gnu/libxcb-shm.so.0.0.0
7f21958a4000-7f21958a5000 r--p 00001000 08:06 1189465                    /usr/lib/x86_64-linux-gnu/libxcb-shm.so.0.0.0
7f21958a5000-7f21958a6000 rw-p 00002000 08:06 1189465                    /usr/lib/x86_64-linux-gnu/libxcb-shm.so.0.0.0
7f21958a6000-7f21958cb000 r-xp 00000000 08:06 397353                     /lib/x86_64-linux-gnu/libpng12.so.0.49.0
7f21958cb000-7f2195aca000 ---p 00025000 08:06 397353                     /lib/x86_64-linux-gnu/libpng12.so.0.49.0
7f2195aca000-7f2195acb000 r--p 00024000 08:06 397353                     /lib/x86_64-linux-gnu/libpng12.so.0.49.0
7f2195acb000-7f2195acc000 rw-p 00025000 08:06 397353                     /lib/x86_64-linux-gnu/libpng12.so.0.49.0
7f2195acc000-7f2195b6d000 r-xp 00000000 08:06 1185990                    /usr/lib/x86_64-linux-gnu/libpixman-1.so.0.30.2
7f2195b6d000-7f2195d6d000 ---p 000a1000 08:06 1185990                    /usr/lib/x86_64-linux-gnu/libpixman-1.so.0.30.2
7f2195d6d000-7f2195d74000 r--p 000a1000 08:06 1185990                    /usr/lib/x86_64-linux-gnu/libpixman-1.so.0.30.2
7f2195d74000-7f2195d75000 rw-p 000a8000 08:06 1185990                    /usr/lib/x86_64-linux-gnu/libpixman-1.so.0.30.2
7f2195d75000-7f2195d7a000 r-xp 00000000 08:06 1188583                    /usr/lib/x86_64-linux-gnu/libXdmcp.so.6.0.0
7f2195d7a000-7f2195f79000 ---p 00005000 08:06 1188583                    /usr/lib/x86_64-linux-gnu/libXdmcp.so.6.0.0
7f2195f79000-7f2195f7a000 r--p 00004000 08:06 1188583                    /usr/lib/x86_64-linux-gnu/libXdmcp.so.6.0.0
7f2195f7a000-7f2195f7b000 rw-p 00005000 08:06 1188583                    /usr/lib/x86_64-linux-gnu/libXdmcp.so.6.0.0
7f2195f7b000-7f2195f7d000 r-xp 00000000 08:06 1188572                    /usr/lib/x86_64-linux-gnu/libXau.so.6.0.0
7f2195f7d000-7f219617d000 ---p 00002000 08:06 1188572                    /usr/lib/x86_64-linux-gnu/libXau.so.6.0.0
7f219617d000-7f219617e000 r--p 00002000 08:06 1188572                    /usr/lib/x86_64-linux-gnu/libXau.so.6.0.0
7f219617e000-7f219617f000 rw-p 00003000 08:06 1188572                    /usr/lib/x86_64-linux-gnu/libXau.so.6.0.0
7f219617f000-7f219618e000 r-xp 00000000 08:06 1183921                    /usr/lib/x86_64-linux-gnu/libavahi-client.so.3.2.9
7f219618e000-7f219638e000 ---p 0000f000 08:06 1183921                    /usr/lib/x86_64-linux-gnu/libavahi-client.so.3.2.9
7f219638e000-7f219638f000 r--p 0000f000 08:06 1183921                    /usr/lib/x86_64-linux-gnu/libavahi-client.so.3.2.9
7f219638f000-7f2196390000 rw-p 00010000 08:06 1183921                    /usr/lib/x86_64-linux-gnu/libavahi-client.so.3.2.9
7f2196390000-7f219639b000 r-xp 00000000 08:06 1180096                    /usr/lib/x86_64-linux-gnu/libavahi-common.so.3.5.3
7f219639b000-7f219659a000 ---p 0000b000 08:06 1180096                    /usr/lib/x86_64-linux-gnu/libavahi-common.so.3.5.3
7f219659a000-7f219659b000 r--p 0000a000 08:06 1180096                    /usr/lib/x86_64-linux-gnu/libavahi-common.so.3.5.3
7f219659b000-7f219659c000 rw-p 0000b000 08:06 1180096                    /usr/lib/x86_64-linux-gnu/libavahi-common.so.3.5.3
7f219659c000-7f2196652000 r-xp 00000000 08:06 1188925                    /usr/lib/x86_64-linux-gnu/libgnutls.so.26.22.6
7f2196652000-7f2196852000 ---p 000b6000 08:06 1188925                    /usr/lib/x86_64-linux-gnu/libgnutls.so.26.22.6
7f2196852000-7f2196858000 r--p 000b6000 08:06 1188925                    /usr/lib/x86_64-linux-gnu/libgnutls.so.26.22.6
7f2196858000-7f2196859000 rw-p 000bc000 08:06 1188925                    /usr/lib/x86_64-linux-gnu/libgnutls.so.26.22.6
7f2196859000-7f219685a000 rw-p 00000000 00:00 0 
7f219685a000-7f2196895000 r-xp 00000000 08:06 1188957                    /usr/lib/x86_64-linux-gnu/libgssapi_krb5.so.2.2
7f2196895000-7f2196a95000 ---p 0003b000 08:06 1188957                    /usr/lib/x86_64-linux-gnu/libgssapi_krb5.so.2.2
7f2196a95000-7f2196a96000 r--p 0003b000 08:06 1188957                    /usr/lib/x86_64-linux-gnu/libgssapi_krb5.so.2.2
7f2196a96000-7f2196a98000 rw-p 0003c000 08:06 1188957                    /usr/lib/x86_64-linux-gnu/libgssapi_krb5.so.2.2
7f2196a98000-7f2196ad5000 r-xp 00000000 08:06 397341                     /lib/x86_64-linux-gnu/libpcre.so.3.13.1
7f2196ad5000-7f2196cd5000 ---p 0003d000 08:06 397341                     /lib/x86_64-linux-gnu/libpcre.so.3.13.1
7f2196cd5000-7f2196cd6000 r--p 0003d000 08:06 397341                     /lib/x86_64-linux-gnu/libpcre.so.3.13.1
7f2196cd6000-7f2196cd7000 rw-p 0003e000 08:06 397341                     /lib/x86_64-linux-gnu/libpcre.so.3.13.1
7f2196cd7000-7f2196cde000 r-xp 00000000 08:06 1188815                    /usr/lib/x86_64-linux-gnu/libffi.so.6.0.1
7f2196cde000-7f2196edd000 ---p 00007000 08:06 1188815                    /usr/lib/x86_64-linux-gnu/libffi.so.6.0.1
7f2196edd000-7f2196ede000 r--p 00006000 08:06 1188815                    /usr/lib/x86_64-linux-gnu/libffi.so.6.0.1
7f2196ede000-7f2196edf000 rw-p 00007000 08:06 1188815                    /usr/lib/x86_64-linux-gnu/libffi.so.6.0.1
7f2196edf000-7f2196f06000 r-xp 00000000 08:06 397262                     /lib/x86_64-linux-gnu/libexpat.so.1.6.0
7f2196f06000-7f2197106000 ---p 00027000 08:06 397262                     /lib/x86_64-linux-gnu/libexpat.so.1.6.0
7f2197106000-7f2197108000 r--p 00027000 08:06 397262                     /lib/x86_64-linux-gnu/libexpat.so.1.6.0
7f2197108000-7f2197109000 rw-p 00029000 08:06 397262                     /lib/x86_64-linux-gnu/libexpat.so.1.6.0
7f2197109000-7f21971a5000 r-xp 00000000 08:06 1188841                    /usr/lib/x86_64-linux-gnu/libfreetype.so.6.10.1
7f21971a5000-7f21973a5000 ---p 0009c000 08:06 1188841                    /usr/lib/x86_64-linux-gnu/libfreetype.so.6.10.1
7f21973a5000-7f21973aa000 r--p 0009c000 08:06 1188841                    /usr/lib/x86_64-linux-gnu/libfreetype.so.6.10.1
7f21973aa000-7f21973ab000 rw-p 000a1000 08:06 1188841                    /usr/lib/x86_64-linux-gnu/libfreetype.so.6.10.1
7f21973ab000-7f21973b3000 r-xp 00000000 08:06 1189383                    /usr/lib/x86_64-linux-gnu/libthai.so.0.2.0
7f21973b3000-7f21975b2000 ---p 00008000 08:06 1189383                    /usr/lib/x86_64-linux-gnu/libthai.so.0.2.0
7f21975b2000-7f21975b3000 r--p 00007000 08:06 1189383                    /usr/lib/x86_64-linux-gnu/libthai.so.0.2.0
7f21975b3000-7f21975b4000 rw-p 00008000 08:06 1189383                    /usr/lib/x86_64-linux-gnu/libthai.so.0.2.0
7f21975b4000-7f21975ca000 r-xp 00000000 08:06 397364                     /lib/x86_64-linux-gnu/libresolv-2.17.so
7f21975ca000-7f21977ca000 ---p 00016000 08:06 397364                     /lib/x86_64-linux-gnu/libresolv-2.17.so
7f21977ca000-7f21977cb000 r--p 00016000 08:06 397364                     /lib/x86_64-linux-gnu/libresolv-2.17.so
7f21977cb000-7f21977cc000 rw-p 00017000 08:06 397364                     /lib/x86_64-linux-gnu/libresolv-2.17.so
7f21977cc000-7f21977ce000 rw-p 00000000 00:00 0 
7f21977ce000-7f21977ed000 r-xp 00000000 08:06 397368                     /lib/x86_64-linux-gnu/libselinux.so.1
7f21977ed000-7f21979ed000 ---p 0001f000 08:06 397368                     /lib/x86_64-linux-gnu/libselinux.so.1
7f21979ed000-7f21979ee000 r--p 0001f000 08:06 397368                     /lib/x86_64-linux-gnu/libselinux.so.1
7f21979ee000-7f21979ef000 rw-p 00020000 08:06 397368                     /lib/x86_64-linux-gnu/libselinux.so.1
7f21979ef000-7f21979f0000 rw-p 00000000 00:00 0 
7f21979f0000-7f21979f2000 r-xp 00000000 08:06 1188581                    /usr/lib/x86_64-linux-gnu/libXdamage.so.1.1.0
7f21979f2000-7f2197bf1000 ---p 00002000 08:06 1188581                    /usr/lib/x86_64-linux-gnu/libXdamage.so.1.1.0
7f2197bf1000-7f2197bf2000 r--p 00001000 08:06 1188581                    /usr/lib/x86_64-linux-gnu/libXdamage.so.1.1.0
7f2197bf2000-7f2197bf3000 rw-p 00002000 08:06 1188581                    /usr/lib/x86_64-linux-gnu/libXdamage.so.1.1.0
7f2197bf3000-7f2197bf5000 r-xp 00000000 08:06 1188577                    /usr/lib/x86_64-linux-gnu/libXcomposite.so.1.0.0
7f2197bf5000-7f2197df4000 ---p 00002000 08:06 1188577                    /usr/lib/x86_64-linux-gnu/libXcomposite.so.1.0.0
7f2197df4000-7f2197df5000 r--p 00001000 08:06 1188577                    /usr/lib/x86_64-linux-gnu/libXcomposite.so.1.0.0
7f2197df5000-7f2197df6000 rw-p 00002000 08:06 1188577                    /usr/lib/x86_64-linux-gnu/libXcomposite.so.1.0.0
7f2197df6000-7f2197dff000 r-xp 00000000 08:06 1188579                    /usr/lib/x86_64-linux-gnu/libXcursor.so.1.0.2
7f2197dff000-7f2197ffe000 ---p 00009000 08:06 1188579                    /usr/lib/x86_64-linux-gnu/libXcursor.so.1.0.2
7f2197ffe000-7f2197fff000 r--p 00008000 08:06 1188579                    /usr/lib/x86_64-linux-gnu/libXcursor.so.1.0.2
7f2197fff000-7f2198000000 rw-p 00009000 08:06 1188579                    /usr/lib/x86_64-linux-gnu/libXcursor.so.1.0.2
7f2198000000-7f2198021000 rw-p 00000000 00:00 0 
7f2198021000-7f219c000000 ---p 00000000 00:00 0 
7f219c000000-7f219c003000 ---p 00000000 00:00 0 
7f219c003000-7f219c101000 rw-p 00000000 00:00 0                          [stack:10351]
7f219c101000-7f219c104000 ---p 00000000 00:00 0 
7f219c104000-7f219c202000 rw-p 00000000 00:00 0                          [stack:10350]
7f219c202000-7f219c20b000 r-xp 00000000 08:06 1188605                    /usr/lib/x86_64-linux-gnu/libXrandr.so.2.2.0
7f219c20b000-7f219c40a000 ---p 00009000 08:06 1188605                    /usr/lib/x86_64-linux-gnu/libXrandr.so.2.2.0
7f219c40a000-7f219c40b000 r--p 00008000 08:06 1188605                    /usr/lib/x86_64-linux-gnu/libXrandr.so.2.2.0
7f219c40b000-7f219c40c000 rw-p 00009000 08:06 1188605                    /usr/lib/x86_64-linux-gnu/libXrandr.so.2.2.0
7f219c40c000-7f219c40e000 r-xp 00000000 08:06 1188595                    /usr/lib/x86_64-linux-gnu/libXinerama.so.1.0.0
7f219c40e000-7f219c60d000 ---p 00002000 08:06 1188595                    /usr/lib/x86_64-linux-gnu/libXinerama.so.1.0.0
7f219c60d000-7f219c60e000 r--p 00001000 08:06 1188595                    /usr/lib/x86_64-linux-gnu/libXinerama.so.1.0.0
7f219c60e000-7f219c60f000 rw-p 00002000 08:06 1188595                    /usr/lib/x86_64-linux-gnu/libXinerama.so.1.0.0
7f219c60f000-7f219c623000 r-xp 00000000 08:06 1189231                    /usr/lib/x86_64-linux-gnu/libpangoft2-1.0.so.0.3200.5
7f219c623000-7f219c822000 ---p 00014000 08:06 1189231                    /usr/lib/x86_64-linux-gnu/libpangoft2-1.0.so.0.3200.5
7f219c822000-7f219c823000 r--p 00013000 08:06 1189231                    /usr/lib/x86_64-linux-gnu/libpangoft2-1.0.so.0.3200.5
7f219c823000-7f219c824000 rw-p 00014000 08:06 1189231                    /usr/lib/x86_64-linux-gnu/libpangoft2-1.0.so.0.3200.5
7f219c824000-7f219c928000 r-xp 00000000 08:06 1188687                    /usr/lib/x86_64-linux-gnu/libcairo.so.2.11200.16
7f219c928000-7f219cb27000 ---p 00104000 08:06 1188687                    /usr/lib/x86_64-linux-gnu/libcairo.so.2.11200.16
7f219cb27000-7f219cb2a000 r--p 00103000 08:06 1188687                    /usr/lib/x86_64-linux-gnu/libcairo.so.2.11200.16
7f219cb2a000-7f219cb2b000 rw-p 00106000 08:06 1188687                    /usr/lib/x86_64-linux-gnu/libcairo.so.2.11200.16
7f219cb2b000-7f219cb2d000 rw-p 00000000 00:00 0 
7f219cb2d000-7f219cb4c000 r-xp 00000000 08:06 1188651                    /usr/lib/x86_64-linux-gnu/libatk-1.0.so.0.21009.1
7f219cb4c000-7f219cd4c000 ---p 0001f000 08:06 1188651                    /usr/lib/x86_64-linux-gnu/libatk-1.0.so.0.21009.1
7f219cd4c000-7f219cd4e000 r--p 0001f000 08:06 1188651                    /usr/lib/x86_64-linux-gnu/libatk-1.0.so.0.21009.1
7f219cd4e000-7f219cd4f000 rw-p 00021000 08:06 1188651                    /usr/lib/x86_64-linux-gnu/libatk-1.0.so.0.21009.1
7f219cd4f000-7f219cd54000 r-xp 00000000 08:06 1188587                    /usr/lib/x86_64-linux-gnu/libXfixes.so.3.1.0
7f219cd54000-7f219cf53000 ---p 00005000 08:06 1188587                    /usr/lib/x86_64-linux-gnu/libXfixes.so.3.1.0
7f219cf53000-7f219cf54000 r--p 00004000 08:06 1188587                    /usr/lib/x86_64-linux-gnu/libXfixes.so.3.1.0
7f219cf54000-7f219cf55000 rw-p 00005000 08:06 1188587                    /usr/lib/x86_64-linux-gnu/libXfixes.so.3.1.0
7f219cf55000-7f219cf60000 r-xp 00000000 08:06 1189229                    /usr/lib/x86_64-linux-gnu/libpangocairo-1.0.so.0.3200.5
7f219cf60000-7f219d160000 ---p 0000b000 08:06 1189229                    /usr/lib/x86_64-linux-gnu/libpangocairo-1.0.so.0.3200.5
7f219d160000-7f219d161000 r--p 0000b000 08:06 1189229                    /usr/lib/x86_64-linux-gnu/libpangocairo-1.0.so.0.3200.5
7f219d161000-7f219d162000 rw-p 0000c000 08:06 1189229                    /usr/lib/x86_64-linux-gnu/libpangocairo-1.0.so.0.3200.5
7f219d162000-7f219d165000 r-xp 00000000 08:06 1184172                    /usr/lib/x86_64-linux-gnu/libgmodule-2.0.so.0.3800.1
7f219d165000-7f219d364000 ---p 00003000 08:06 1184172                    /usr/lib/x86_64-linux-gnu/libgmodule-2.0.so.0.3800.1
7f219d364000-7f219d365000 r--p 00002000 08:06 1184172                    /usr/lib/x86_64-linux-gnu/libgmodule-2.0.so.0.3800.1
7f219d365000-7f219d366000 rw-p 00003000 08:06 1184172                    /usr/lib/x86_64-linux-gnu/libgmodule-2.0.so.0.3800.1
7f219d366000-7f219d383000 r-xp 00000000 08:06 1189471                    /usr/lib/x86_64-linux-gnu/libxcb.so.1.1.0
7f219d383000-7f219d582000 ---p 0001d000 08:06 1189471                    /usr/lib/x86_64-linux-gnu/libxcb.so.1.1.0
7f219d582000-7f219d583000 r--p 0001c000 08:06 1189471                    /usr/lib/x86_64-linux-gnu/libxcb.so.1.1.0
7f219d583000-7f219d584000 rw-p 0001d000 08:06 1189471                    /usr/lib/x86_64-linux-gnu/libxcb.so.1.1.0
7f219d584000-7f219d5f0000 r-xp 00000000 08:06 1180179                    /usr/lib/x86_64-linux-gnu/libcups.so.2
7f219d5f0000-7f219d7ef000 ---p 0006c000 08:06 1180179                    /usr/lib/x86_64-linux-gnu/libcups.so.2
7f219d7ef000-7f219d7f6000 r--p 0006b000 08:06 1180179                    /usr/lib/x86_64-linux-gnu/libcups.so.2
7f219d7f6000-7f219d7f7000 rw-p 00072000 08:06 1180179                    /usr/lib/x86_64-linux-gnu/libcups.so.2
7f219d7f7000-7f219d8f5000 r-xp 00000000 08:06 397154                     /lib/x86_64-linux-gnu/libglib-2.0.so.0.3800.1
7f219d8f5000-7f219daf5000 ---p 000fe000 08:06 397154                     /lib/x86_64-linux-gnu/libglib-2.0.so.0.3800.1
7f219daf5000-7f219daf6000 r--p 000fe000 08:06 397154                     /lib/x86_64-linux-gnu/libglib-2.0.so.0.3800.1
7f219daf6000-7f219daf7000 rw-p 000ff000 08:06 397154                     /lib/x86_64-linux-gnu/libglib-2.0.so.0.3800.1
7f219daf7000-7f219daf8000 rw-p 00000000 00:00 0 
7f219daf8000-7f219daf9000 r-xp 00000000 08:06 1184171                    /usr/lib/x86_64-linux-gnu/libgthread-2.0.so.0.3800.1
7f219daf9000-7f219dcf8000 ---p 00001000 08:06 1184171                    /usr/lib/x86_64-linux-gnu/libgthread-2.0.so.0.3800.1
7f219dcf8000-7f219dcf9000 r--p 00000000 08:06 1184171                    /usr/lib/x86_64-linux-gnu/libgthread-2.0.so.0.3800.1
7f219dcf9000-7f219dcfa000 rw-p 00001000 08:06 1184171                    /usr/lib/x86_64-linux-gnu/libgthread-2.0.so.0.3800.1
7f219dcfa000-7f219dd49000 r-xp 00000000 08:06 1180077                    /usr/lib/x86_64-linux-gnu/libgobject-2.0.so.0.3800.1
7f219dd49000-7f219df49000 ---p 0004f000 08:06 1180077                    /usr/lib/x86_64-linux-gnu/libgobject-2.0.so.0.3800.1
7f219df49000-7f219df4a000 r--p 0004f000 08:06 1180077                    /usr/lib/x86_64-linux-gnu/libgobject-2.0.so.0.3800.1
7f219df4a000-7f219df4b000 rw-p 00050000 08:06 1180077                    /usr/lib/x86_64-linux-gnu/libgobject-2.0.so.0.3800.1
7f219df4b000-7f219df84000 r-xp 00000000 08:06 1188829                    /usr/lib/x86_64-linux-gnu/libfontconfig.so.1.7.0
7f219df84000-7f219e184000 ---p 00039000 08:06 1188829                    /usr/lib/x86_64-linux-gnu/libfontconfig.so.1.7.0
7f219e184000-7f219e186000 r--p 00039000 08:06 1188829                    /usr/lib/x86_64-linux-gnu/libfontconfig.so.1.7.0
7f219e186000-7f219e187000 rw-p 0003b000 08:06 1188829                    /usr/lib/x86_64-linux-gnu/libfontconfig.so.1.7.0
7f219e187000-7f219e1d1000 r-xp 00000000 08:06 1189227                    /usr/lib/x86_64-linux-gnu/libpango-1.0.so.0.3200.5
7f219e1d1000-7f219e3d0000 ---p 0004a000 08:06 1189227                    /usr/lib/x86_64-linux-gnu/libpango-1.0.so.0.3200.5
7f219e3d0000-7f219e3d2000 r--p 00049000 08:06 1189227                    /usr/lib/x86_64-linux-gnu/libpango-1.0.so.0.3200.5
7f219e3d2000-7f219e3d3000 rw-p 0004b000 08:06 1189227                    /usr/lib/x86_64-linux-gnu/libpango-1.0.so.0.3200.5
7f219e3d3000-7f219e3f2000 r-xp 00000000 08:06 1188878                    /usr/lib/x86_64-linux-gnu/libgdk_pixbuf-2.0.so.0.2800.1
7f219e3f2000-7f219e5f1000 ---p 0001f000 08:06 1188878                    /usr/lib/x86_64-linux-gnu/libgdk_pixbuf-2.0.so.0.2800.1
7f219e5f1000-7f219e5f2000 r--p 0001e000 08:06 1188878                    /usr/lib/x86_64-linux-gnu/libgdk_pixbuf-2.0.so.0.2800.1
7f219e5f2000-7f219e5f3000 rw-p 0001f000 08:06 1188878                    /usr/lib/x86_64-linux-gnu/libgdk_pixbuf-2.0.so.0.2800.1
7f219e5f3000-7f219e74f000 r-xp 00000000 08:06 1180057                    /usr/lib/x86_64-linux-gnu/libgio-2.0.so.0.3800.1
7f219e74f000-7f219e94e000 ---p 0015c000 08:06 1180057                    /usr/lib/x86_64-linux-gnu/libgio-2.0.so.0.3800.1
7f219e94e000-7f219e952000 r--p 0015b000 08:06 1180057                    /usr/lib/x86_64-linux-gnu/libgio-2.0.so.0.3800.1
7f219e952000-7f219e954000 rw-p 0015f000 08:06 1180057                    /usr/lib/x86_64-linux-gnu/libgio-2.0.so.0.3800.1
7f219e954000-7f219e956000 rw-p 00000000 00:00 0 
7f219e956000-7f219ea03000 r-xp 00000000 08:06 1188876                    /usr/lib/x86_64-linux-gnu/libgdk-x11-2.0.so.0.2400.20
7f219ea03000-7f219ec02000 ---p 000ad000 08:06 1188876                    /usr/lib/x86_64-linux-gnu/libgdk-x11-2.0.so.0.2400.20
7f219ec02000-7f219ec06000 r--p 000ac000 08:06 1188876                    /usr/lib/x86_64-linux-gnu/libgdk-x11-2.0.so.0.2400.20
7f219ec06000-7f219ec08000 rw-p 000b0000 08:06 1188876                    /usr/lib/x86_64-linux-gnu/libgdk-x11-2.0.so.0.2400.20
7f219ec08000-7f219f037000 r-xp 00000000 08:06 1189041                    /usr/lib/x86_64-linux-gnu/libgtk-x11-2.0.so.0.2400.20
7f219f037000-7f219f236000 ---p 0042f000 08:06 1189041                    /usr/lib/x86_64-linux-gnu/libgtk-x11-2.0.so.0.2400.20
7f219f236000-7f219f23d000 r--p 0042e000 08:06 1189041                    /usr/lib/x86_64-linux-gnu/libgtk-x11-2.0.so.0.2400.20
7f219f23d000-7f219f241000 rw-p 00435000 08:06 1189041                    /usr/lib/x86_64-linux-gnu/libgtk-x11-2.0.so.0.2400.20
7f219f241000-7f219f244000 rw-p 00000000 00:00 0 
7f219f244000-7f219f253000 r-xp 00000000 08:06 1188593                    /usr/lib/x86_64-linux-gnu/libXi.so.6.1.0
7f219f253000-7f219f452000 ---p 0000f000 08:06 1188593                    /usr/lib/x86_64-linux-gnu/libXi.so.6.1.0
7f219f452000-7f219f453000 r--p 0000e000 08:06 1188593                    /usr/lib/x86_64-linux-gnu/libXi.so.6.1.0
7f219f453000-7f219f454000 rw-p 0000f000 08:06 1188593                    /usr/lib/x86_64-linux-gnu/libXi.so.6.1.0
7f219f454000-7f219f459000 r-xp 00000000 08:06 1188613                    /usr/lib/x86_64-linux-gnu/libXtst.so.6.1.0
7f219f459000-7f219f658000 ---p 00005000 08:06 1188613                    /usr/lib/x86_64-linux-gnu/libXtst.so.6.1.0
7f219f658000-7f219f659000 r--p 00004000 08:06 1188613                    /usr/lib/x86_64-linux-gnu/libXtst.so.6.1.0
7f219f659000-7f219f65a000 rw-p 00005000 08:06 1188613                    /usr/lib/x86_64-linux-gnu/libXtst.so.6.1.0
7f219f65a000-7f219f663000 r-xp 00000000 08:06 1188607                    /usr/lib/x86_64-linux-gnu/libXrender.so.1.3.0
7f219f663000-7f219f862000 ---p 00009000 08:06 1188607                    /usr/lib/x86_64-linux-gnu/libXrender.so.1.3.0
7f219f862000-7f219f863000 r--p 00008000 08:06 1188607                    /usr/lib/x86_64-linux-gnu/libXrender.so.1.3.0
7f219f863000-7f219f864000 rw-p 00009000 08:06 1188607                    /usr/lib/x86_64-linux-gnu/libXrender.so.1.3.0
7f219f864000-7f219f994000 r-xp 00000000 08:06 1188568                    /usr/lib/x86_64-linux-gnu/libX11.so.6.3.0
7f219f994000-7f219fb94000 ---p 00130000 08:06 1188568                    /usr/lib/x86_64-linux-gnu/libX11.so.6.3.0
7f219fb94000-7f219fb95000 r--p 00130000 08:06 1188568                    /usr/lib/x86_64-linux-gnu/libX11.so.6.3.0
7f219fb95000-7f219fb99000 rw-p 00131000 08:06 1188568                    /usr/lib/x86_64-linux-gnu/libX11.so.6.3.0
7f219fb99000-7f219fbaa000 r-xp 00000000 08:06 1188585                    /usr/lib/x86_64-linux-gnu/libXext.so.6.4.0
7f219fbaa000-7f219fda9000 ---p 00011000 08:06 1188585                    /usr/lib/x86_64-linux-gnu/libXext.so.6.4.0
7f219fda9000-7f219fdaa000 r--p 00010000 08:06 1188585                    /usr/lib/x86_64-linux-gnu/libXext.so.6.4.0
7f219fdaa000-7f219fdab000 rw-p 00011000 08:06 1188585                    /usr/lib/x86_64-linux-gnu/libXext.so.6.4.0
7f219fdab000-7f219fdfc000 r-xp 00000000 08:06 1202149                    /usr/lib/jvm/java-7-openjdk-amd64/jre/lib/amd64/xawt/libmawt.so
7f219fdfc000-7f219fffb000 ---p 00051000 08:06 1202149                    /usr/lib/jvm/java-7-openjdk-amd64/jre/lib/amd64/xawt/libmawt.so
7f219fffb000-7f219fffc000 r--p 00050000 08:06 1202149                    /usr/lib/jvm/java-7-openjdk-amd64/jre/lib/amd64/xawt/libmawt.so
7f219fffc000-7f219ffff000 rw-p 00051000 08:06 1202149                    /usr/lib/jvm/java-7-openjdk-amd64/jre/lib/amd64/xawt/libmawt.so
7f219ffff000-7f21a0000000 rw-p 00000000 00:00 0 
7f21a0000000-7f21a0186000 rw-p 00000000 00:00 0 
7f21a0186000-7f21a4000000 ---p 00000000 00:00 0 
7f21a4000000-7f21a4021000 rw-p 00000000 00:00 0 
7f21a4021000-7f21a8000000 ---p 00000000 00:00 0 
7f21a8000000-7f21a8021000 rw-p 00000000 00:00 0 
7f21a8021000-7f21ac000000 ---p 00000000 00:00 0 
7f21ac000000-7f21ac2b9000 rw-p 00000000 00:00 0 
7f21ac2b9000-7f21b0000000 ---p 00000000 00:00 0 
7f21b0000000-7f21b0021000 rw-p 00000000 00:00 0 
7f21b0021000-7f21b4000000 ---p 00000000 00:00 0 
7f21b4000000-7f21b4021000 rw-p 00000000 00:00 0 
7f21b4021000-7f21b8000000 ---p 00000000 00:00 0 
7f21b8000000-7f21b8021000 rw-p 00000000 00:00 0 
7f21b8021000-7f21bc000000 ---p 00000000 00:00 0 
7f21bc000000-7f21bc021000 rw-p 00000000 00:00 0 
7f21bc021000-7f21c0000000 ---p 00000000 00:00 0 
7f21c0000000-7f21c0021000 rw-p 00000000 00:00 0 
7f21c0021000-7f21c4000000 ---p 00000000 00:00 0 
7f21c4000000-7f21c400a000 r--s 000b8000 08:06 1202013                    /usr/lib/jvm/java-7-openjdk-amd64/jre/lib/resources.jar
7f21c400a000-7f21c402e000 r--p 00000000 08:06 1711537                    /usr/share/locale-langpack/es/LC_MESSAGES/libc.mo
7f21c402e000-7f21c40ce000 r-xp 00000000 08:06 1202007                    /usr/lib/jvm/java-7-openjdk-amd64/jre/lib/amd64/libawt.so
7f21c40ce000-7f21c42cd000 ---p 000a0000 08:06 1202007                    /usr/lib/jvm/java-7-openjdk-amd64/jre/lib/amd64/libawt.so
7f21c42cd000-7f21c42ce000 r--p 0009f000 08:06 1202007                    /usr/lib/jvm/java-7-openjdk-amd64/jre/lib/amd64/libawt.so
7f21c42ce000-7f21c42d9000 rw-p 000a0000 08:06 1202007                    /usr/lib/jvm/java-7-openjdk-amd64/jre/lib/amd64/libawt.so
7f21c42d9000-7f21c42fe000 rw-p 00000000 00:00 0 
7f21c42fe000-7f21c436a000 r-xp 00000000 08:06 1061718                    /tmp/libgdxxelun/83c3ff60/libgdx64.so
7f21c436a000-7f21c456a000 ---p 0006c000 08:06 1061718                    /tmp/libgdxxelun/83c3ff60/libgdx64.so
7f21c456a000-7f21c456c000 r--p 0006c000 08:06 1061718                    /tmp/libgdxxelun/83c3ff60/libgdx64.so
7f21c456c000-7f21c456d000 rw-p 0006e000 08:06 1061718                    /tmp/libgdxxelun/83c3ff60/libgdx64.so
7f21c456d000-7f21c456e000 rw-p 00000000 00:00 0 
7f21c456e000-7f21c457f000 r--s 00127000 08:06 1049866                    /home/xelun/workspace/RoundWar/RoundWar-desktop/libs/gdx-backend-lwjgl.jar
7f21c457f000-7f21c4580000 ---p 00000000 00:00 0 
7f21c4580000-7f21c4680000 rw-p 00000000 00:00 0                          [stack:10349]
7f21c4680000-7f21c4683000 ---p 00000000 00:00 0 
7f21c4683000-7f21c4781000 rw-p 00000000 00:00 0                          [stack:10348]
7f21c4781000-7f21c4784000 ---p 00000000 00:00 0 
7f21c4784000-7f21c4882000 rw-p 00000000 00:00 0                          [stack:10347]
7f21c4882000-7f21c4885000 ---p 00000000 00:00 0 
7f21c4885000-7f21c4983000 rw-p 00000000 00:00 0                          [stack:10346]
7f21c4983000-7f21c4986000 ---p 00000000 00:00 0 
7f21c4986000-7f21c4a84000 rw-p 00000000 00:00 0                          [stack:10345]
7f21c4a84000-7f21c5166000 r--p 00000000 08:06 1187630                    /usr/lib/locale/locale-archive
7f21c5166000-7f21c5169000 ---p 00000000 00:00 0 
7f21c5169000-7f21c5267000 rw-p 00000000 00:00 0                          [stack:10344]
7f21c5267000-7f21c526a000 ---p 00000000 00:00 0 
7f21c526a000-7f21c5368000 rw-p 00000000 00:00 0                          [stack:10343]
7f21c5368000-7f21c5369000 ---p 00000000 00:00 0 
7f21c5369000-7f21c5dd5000 rw-p 00000000 00:00 0                          [stack:10342]
7f21c5dd5000-7f21c5f83000 r--s 01cf4000 08:06 1202040                    /usr/lib/jvm/java-7-openjdk-amd64/jre/lib/rt.jar
7f21c5f83000-7f21c865b000 rw-p 00000000 00:00 0 
7f21c865b000-7f21c865c000 ---p 00000000 00:00 0 
7f21c865c000-7f21c875c000 rw-p 00000000 00:00 0                          [stack:10340]
7f21c875c000-7f21c875d000 ---p 00000000 00:00 0 
7f21c875d000-7f21c8872000 rw-p 00000000 00:00 0                          [stack:10338]
7f21c8872000-7f21c89a7000 rw-p 00000000 00:00 0 
7f21c89a7000-7f21c89b2000 rw-p 00000000 00:00 0 
7f21c89b2000-7f21c89fa000 rw-p 00000000 00:00 0 
7f21c89fa000-7f21c8a0f000 rw-p 00000000 00:00 0 
7f21c8a0f000-7f21c8b44000 rw-p 00000000 00:00 0 
7f21c8b44000-7f21c8b4f000 rw-p 00000000 00:00 0 
7f21c8b4f000-7f21c8be9000 rw-p 00000000 00:00 0 
7f21c8be9000-7f21c8bea000 rw-p 00000000 00:00 0 
7f21c8bea000-7f21c8e5a000 rwxp 00000000 00:00 0 
7f21c8e5a000-7f21cbbea000 rw-p 00000000 00:00 0 
7f21cbbea000-7f21cbbf2000 r-xp 00000000 08:06 1201973                    /usr/lib/jvm/java-7-openjdk-amd64/jre/lib/amd64/libzip.so
7f21cbbf2000-7f21cbdf1000 ---p 00008000 08:06 1201973                    /usr/lib/jvm/java-7-openjdk-amd64/jre/lib/amd64/libzip.so
7f21cbdf1000-7f21cbdf2000 r--p 00007000 08:06 1201973                    /usr/lib/jvm/java-7-openjdk-amd64/jre/lib/amd64/libzip.so
7f21cbdf2000-7f21cbdf3000 rw-p 00008000 08:06 1201973                    /usr/lib/jvm/java-7-openjdk-amd64/jre/lib/amd64/libzip.so
7f21cbdf3000-7f21cbdff000 r-xp 00000000 08:06 397318                     /lib/x86_64-linux-gnu/libnss_files-2.17.so
7f21cbdff000-7f21cbffe000 ---p 0000c000 08:06 397318                     /lib/x86_64-linux-gnu/libnss_files-2.17.so
7f21cbffe000-7f21cbfff000 r--p 0000b000 08:06 397318                     /lib/x86_64-linux-gnu/libnss_files-2.17.so
7f21cbfff000-7f21cc000000 rw-p 0000c000 08:06 397318                     /lib/x86_64-linux-gnu/libnss_files-2.17.so
7f21cc000000-7f21cc2cb000 rw-p 00000000 00:00 0 
7f21cc2cb000-7f21d0000000 ---p 00000000 00:00 0 
7f21d0000000-7f21d0007000 r--s 00000000 08:06 1444545                    /usr/lib/x86_64-linux-gnu/gconv/gconv-modules.cache
7f21d0007000-7f21d001d000 r--s 00145000 08:06 1049851                    /home/xelun/workspace/RoundWar/RoundWar/libs/gdx.jar
7f21d001d000-7f21d00f3000 rw-p 00000000 00:00 0 
7f21d00f3000-7f21d013b000 rw-p 00000000 00:00 0 
7f21d013b000-7f21d0146000 r-xp 00000000 08:06 397323                     /lib/x86_64-linux-gnu/libnss_nis-2.17.so
7f21d0146000-7f21d0345000 ---p 0000b000 08:06 397323                     /lib/x86_64-linux-gnu/libnss_nis-2.17.so
7f21d0345000-7f21d0346000 r--p 0000a000 08:06 397323                     /lib/x86_64-linux-gnu/libnss_nis-2.17.so
7f21d0346000-7f21d0347000 rw-p 0000b000 08:06 397323                     /lib/x86_64-linux-gnu/libnss_nis-2.17.so
7f21d0347000-7f21d035e000 r-xp 00000000 08:06 397312                     /lib/x86_64-linux-gnu/libnsl-2.17.so
7f21d035e000-7f21d055d000 ---p 00017000 08:06 397312                     /lib/x86_64-linux-gnu/libnsl-2.17.so
7f21d055d000-7f21d055e000 r--p 00016000 08:06 397312                     /lib/x86_64-linux-gnu/libnsl-2.17.so
7f21d055e000-7f21d055f000 rw-p 00017000 08:06 397312                     /lib/x86_64-linux-gnu/libnsl-2.17.so
7f21d055f000-7f21d0561000 rw-p 00000000 00:00 0 
7f21d0561000-7f21d0569000 r-xp 00000000 08:06 397314                     /lib/x86_64-linux-gnu/libnss_compat-2.17.so
7f21d0569000-7f21d0768000 ---p 00008000 08:06 397314                     /lib/x86_64-linux-gnu/libnss_compat-2.17.so
7f21d0768000-7f21d0769000 r--p 00007000 08:06 397314                     /lib/x86_64-linux-gnu/libnss_compat-2.17.so
7f21d0769000-7f21d076a000 rw-p 00008000 08:06 397314                     /lib/x86_64-linux-gnu/libnss_compat-2.17.so
7f21d076a000-7f21d0795000 r-xp 00000000 08:06 1201970                    /usr/lib/jvm/java-7-openjdk-amd64/jre/lib/amd64/libjava.so
7f21d0795000-7f21d0994000 ---p 0002b000 08:06 1201970                    /usr/lib/jvm/java-7-openjdk-amd64/jre/lib/amd64/libjava.so
7f21d0994000-7f21d0995000 r--p 0002a000 08:06 1201970                    /usr/lib/jvm/java-7-openjdk-amd64/jre/lib/amd64/libjava.so
7f21d0995000-7f21d0997000 rw-p 0002b000 08:06 1201970                    /usr/lib/jvm/java-7-openjdk-amd64/jre/lib/amd64/libjava.so
7f21d0997000-7f21d09a7000 r-xp 00000000 08:06 1201984                    /usr/lib/jvm/java-7-openjdk-amd64/jre/lib/amd64/libverify.so
7f21d09a7000-7f21d0ba6000 ---p 00010000 08:06 1201984                    /usr/lib/jvm/java-7-openjdk-amd64/jre/lib/amd64/libverify.so
7f21d0ba6000-7f21d0ba8000 r--p 0000f000 08:06 1201984                    /usr/lib/jvm/java-7-openjdk-amd64/jre/lib/amd64/libverify.so
7f21d0ba8000-7f21d0ba9000 rw-p 00011000 08:06 1201984                    /usr/lib/jvm/java-7-openjdk-amd64/jre/lib/amd64/libverify.so
7f21d0ba9000-7f21d0bb0000 r-xp 00000000 08:06 397366                     /lib/x86_64-linux-gnu/librt-2.17.so
7f21d0bb0000-7f21d0daf000 ---p 00007000 08:06 397366                     /lib/x86_64-linux-gnu/librt-2.17.so
7f21d0daf000-7f21d0db0000 r--p 00006000 08:06 397366                     /lib/x86_64-linux-gnu/librt-2.17.so
7f21d0db0000-7f21d0db1000 rw-p 00007000 08:06 397366                     /lib/x86_64-linux-gnu/librt-2.17.so
7f21d0db1000-7f21d0dc6000 r-xp 00000000 08:06 393221                     /lib/x86_64-linux-gnu/libgcc_s.so.1
7f21d0dc6000-7f21d0fc5000 ---p 00015000 08:06 393221                     /lib/x86_64-linux-gnu/libgcc_s.so.1
7f21d0fc5000-7f21d0fc6000 r--p 00014000 08:06 393221                     /lib/x86_64-linux-gnu/libgcc_s.so.1
7f21d0fc6000-7f21d0fc7000 rw-p 00015000 08:06 393221                     /lib/x86_64-linux-gnu/libgcc_s.so.1
7f21d0fc7000-7f21d10ca000 r-xp 00000000 08:06 397293                     /lib/x86_64-linux-gnu/libm-2.17.so
7f21d10ca000-7f21d12c9000 ---p 00103000 08:06 397293                     /lib/x86_64-linux-gnu/libm-2.17.so
7f21d12c9000-7f21d12ca000 r--p 00102000 08:06 397293                     /lib/x86_64-linux-gnu/libm-2.17.so
7f21d12ca000-7f21d12cb000 rw-p 00103000 08:06 397293                     /lib/x86_64-linux-gnu/libm-2.17.so
7f21d12cb000-7f21d13b1000 r-xp 00000000 08:06 1185843                    /usr/lib/x86_64-linux-gnu/libstdc++.so.6.0.18
7f21d13b1000-7f21d15b0000 ---p 000e6000 08:06 1185843                    /usr/lib/x86_64-linux-gnu/libstdc++.so.6.0.18
7f21d15b0000-7f21d15b8000 r--p 000e5000 08:06 1185843                    /usr/lib/x86_64-linux-gnu/libstdc++.so.6.0.18
7f21d15b8000-7f21d15ba000 rw-p 000ed000 08:06 1185843                    /usr/lib/x86_64-linux-gnu/libstdc++.so.6.0.18
7f21d15ba000-7f21d15cf000 rw-p 00000000 00:00 0 
7f21d15cf000-7f21d20ae000 r-xp 00000000 08:06 1201998                    /usr/lib/jvm/java-7-openjdk-amd64/jre/lib/amd64/server/libjvm.so
7f21d20ae000-7f21d22ad000 ---p 00adf000 08:06 1201998                    /usr/lib/jvm/java-7-openjdk-amd64/jre/lib/amd64/server/libjvm.so
7f21d22ad000-7f21d233f000 r--p 00ade000 08:06 1201998                    /usr/lib/jvm/java-7-openjdk-amd64/jre/lib/amd64/server/libjvm.so
7f21d233f000-7f21d2362000 rw-p 00b70000 08:06 1201998                    /usr/lib/jvm/java-7-openjdk-amd64/jre/lib/amd64/server/libjvm.so
7f21d2362000-7f21d238f000 rw-p 00000000 00:00 0 
7f21d238f000-7f21d23a7000 r-xp 00000000 08:06 397400                     /lib/x86_64-linux-gnu/libz.so.1.2.8
7f21d23a7000-7f21d25a6000 ---p 00018000 08:06 397400                     /lib/x86_64-linux-gnu/libz.so.1.2.8
7f21d25a6000-7f21d25a7000 r--p 00017000 08:06 397400                     /lib/x86_64-linux-gnu/libz.so.1.2.8
7f21d25a7000-7f21d25a8000 rw-p 00018000 08:06 397400                     /lib/x86_64-linux-gnu/libz.so.1.2.8
7f21d25a8000-7f21d25bf000 r-xp 00000000 08:06 397358                     /lib/x86_64-linux-gnu/libpthread-2.17.so
7f21d25bf000-7f21d27bf000 ---p 00017000 08:06 397358                     /lib/x86_64-linux-gnu/libpthread-2.17.so
7f21d27bf000-7f21d27c0000 r--p 00017000 08:06 397358                     /lib/x86_64-linux-gnu/libpthread-2.17.so
7f21d27c0000-7f21d27c1000 rw-p 00018000 08:06 397358                     /lib/x86_64-linux-gnu/libpthread-2.17.so
7f21d27c1000-7f21d27c5000 rw-p 00000000 00:00 0 
7f21d27c5000-7f21d27c8000 r-xp 00000000 08:06 397257                     /lib/x86_64-linux-gnu/libdl-2.17.so
7f21d27c8000-7f21d29c7000 ---p 00003000 08:06 397257                     /lib/x86_64-linux-gnu/libdl-2.17.so
7f21d29c7000-7f21d29c8000 r--p 00002000 08:06 397257                     /lib/x86_64-linux-gnu/libdl-2.17.so
7f21d29c8000-7f21d29c9000 rw-p 00003000 08:06 397257                     /lib/x86_64-linux-gnu/libdl-2.17.so
7f21d29c9000-7f21d2b86000 r-xp 00000000 08:06 397242                     /lib/x86_64-linux-gnu/libc-2.17.so
7f21d2b86000-7f21d2d86000 ---p 001bd000 08:06 397242                     /lib/x86_64-linux-gnu/libc-2.17.so
7f21d2d86000-7f21d2d8a000 r--p 001bd000 08:06 397242                     /lib/x86_64-linux-gnu/libc-2.17.so
7f21d2d8a000-7f21d2d8c000 rw-p 001c1000 08:06 397242                     /lib/x86_64-linux-gnu/libc-2.17.so
7f21d2d8c000-7f21d2d91000 rw-p 00000000 00:00 0 
7f21d2d91000-7f21d2d9e000 r-xp 00000000 08:06 1202004                    /usr/lib/jvm/java-7-openjdk-amd64/jre/lib/amd64/jli/libjli.so
7f21d2d9e000-7f21d2f9d000 ---p 0000d000 08:06 1202004                    /usr/lib/jvm/java-7-openjdk-amd64/jre/lib/amd64/jli/libjli.so
7f21d2f9d000-7f21d2f9e000 r--p 0000c000 08:06 1202004                    /usr/lib/jvm/java-7-openjdk-amd64/jre/lib/amd64/jli/libjli.so
7f21d2f9e000-7f21d2f9f000 rw-p 0000d000 08:06 1202004                    /usr/lib/jvm/java-7-openjdk-amd64/jre/lib/amd64/jli/libjli.so
7f21d2f9f000-7f21d2fc2000 r-xp 00000000 08:06 397218                     /lib/x86_64-linux-gnu/ld-2.17.so
7f21d2fc2000-7f21d2fc3000 r--s 00123000 08:06 1049867                    /home/xelun/workspace/RoundWar/RoundWar-desktop/libs/gdx-natives.jar
7f21d2fc3000-7f21d2fc5000 r--s 0019e000 08:06 1049865                    /home/xelun/workspace/RoundWar/RoundWar-desktop/libs/gdx-backend-lwjgl-natives.jar
7f21d2fc5000-7f21d2fc6000 r--s 00002000 08:06 1202020                    /usr/lib/jvm/java-7-openjdk-amd64/jre/lib/ext/dnsns.jar
7f21d2fc6000-7f21d2fc9000 r--s 0000f000 08:06 1202017                    /usr/lib/jvm/java-7-openjdk-amd64/jre/lib/ext/pulse-java.jar
7f21d2fc9000-7f21d2fea000 rw-p 00000000 00:00 0 
7f21d2fea000-7f21d30a0000 rw-p 00000000 00:00 0 
7f21d30a0000-7f21d30a3000 ---p 00000000 00:00 0 
7f21d30a3000-7f21d31a6000 rw-p 00000000 00:00 0                          [stack:10335]
7f21d31a6000-7f21d31a8000 r--s 00012000 08:06 1202018                    /usr/lib/jvm/java-7-openjdk-amd64/jre/lib/ext/zipfs.jar
7f21d31a8000-7f21d31ac000 r--s 0003b000 08:06 1202021                    /usr/lib/jvm/java-7-openjdk-amd64/jre/lib/ext/sunpkcs11.jar
7f21d31ac000-7f21d31af000 r--s 00032000 08:06 1202019                    /usr/lib/jvm/java-7-openjdk-amd64/jre/lib/ext/sunjce_provider.jar
7f21d31af000-7f21d31b1000 r--s 00006000 08:06 1592191                    /usr/share/java/java-atk-wrapper.jar
7f21d31b1000-7f21d31b5000 r--s 00085000 08:06 1202016                    /usr/lib/jvm/java-7-openjdk-amd64/jre/lib/ext/localedata.jar
7f21d31b5000-7f21d31bd000 rw-s 00000000 08:06 1061747                    /tmp/hsperfdata_xelun/10333
7f21d31bd000-7f21d31be000 rw-p 00000000 00:00 0 
7f21d31be000-7f21d31bf000 r--p 00000000 00:00 0 
7f21d31bf000-7f21d31c1000 rw-p 00000000 00:00 0 
7f21d31c1000-7f21d31c2000 r--p 00022000 08:06 397218                     /lib/x86_64-linux-gnu/ld-2.17.so
7f21d31c2000-7f21d31c4000 rw-p 00023000 08:06 397218                     /lib/x86_64-linux-gnu/ld-2.17.so
7fff00e00000-7fff00e21000 rw-p 00000000 00:00 0                          [stack]
7fff00eac000-7fff00eae000 r-xp 00000000 00:00 0                          [vdso]
ffffffffff600000-ffffffffff601000 r-xp 00000000 00:00 0                  [vsyscall]

VM Arguments:
jvm_args: -Dfile.encoding=UTF-8 
java_command: com.roundwar.Main
Launcher Type: SUN_STANDARD

Environment Variables:
PATH=/usr/local/sbin:/usr/local/bin:/usr/sbin:/usr/bin:/sbin:/bin:/usr/games:/usr/local/games
USERNAME=xelun
SHELL=/bin/bash
DISPLAY=:0.0

Signal Handlers:
SIGSEGV: [libjvm.so+0x916ea0], sa_mask[0]=0x7ffbfeff, sa_flags=0x10000004
SIGBUS: [libjvm.so+0x916ea0], sa_mask[0]=0x7ffbfeff, sa_flags=0x10000004
SIGFPE: [libjvm.so+0x794800], sa_mask[0]=0x7ffbfeff, sa_flags=0x10000004
SIGPIPE: [libjvm.so+0x794800], sa_mask[0]=0x7ffbfeff, sa_flags=0x10000004
SIGXFSZ: [libjvm.so+0x794800], sa_mask[0]=0x7ffbfeff, sa_flags=0x10000004
SIGILL: [libjvm.so+0x794800], sa_mask[0]=0x7ffbfeff, sa_flags=0x10000004
SIGUSR1: SIG_DFL, sa_mask[0]=0x00000000, sa_flags=0x00000000
SIGUSR2: [libjvm.so+0x7946a0], sa_mask[0]=0x00000004, sa_flags=0x10000004
SIGHUP: [libjvm.so+0x794880], sa_mask[0]=0x7ffbfeff, sa_flags=0x10000004
SIGINT: [libjvm.so+0x794880], sa_mask[0]=0x7ffbfeff, sa_flags=0x10000004
SIGTERM: [libjvm.so+0x794880], sa_mask[0]=0x7ffbfeff, sa_flags=0x10000004
SIGQUIT: [libjvm.so+0x794880], sa_mask[0]=0x7ffbfeff, sa_flags=0x10000004


---------------  S Y S T E M  ---------------

OS:Ubuntu 13.10 (saucy)
uname:Linux 3.11.0-17-generic #31-Ubuntu SMP Mon Feb 3 21:52:43 UTC 2014 x86_64
libc:glibc 2.17 NPTL 2.17 
rlimit: STACK 8192k, CORE 0k, NPROC 31467, NOFILE 4096, AS infinity
load average:0,40 0,35 0,44

/proc/meminfo:
MemTotal:        4048124 kB
MemFree:          535372 kB
Buffers:          183588 kB
Cached:           872372 kB
SwapCached:          160 kB
Active:          2510436 kB
Inactive:         777476 kB
Active(anon):    2090488 kB
Inactive(anon):   158544 kB
Active(file):     419948 kB
Inactive(file):   618932 kB
Unevictable:          68 kB
Mlocked:              68 kB
SwapTotal:       4194300 kB
SwapFree:        4191760 kB
Dirty:               124 kB
Writeback:             0 kB
AnonPages:       2232036 kB
Mapped:           293088 kB
Shmem:             16932 kB
Slab:              94364 kB
SReclaimable:      52836 kB
SUnreclaim:        41528 kB
KernelStack:        4120 kB
PageTables:        41724 kB
NFS_Unstable:          0 kB
Bounce:                0 kB
WritebackTmp:          0 kB
CommitLimit:     6218360 kB
Committed_AS:    6303344 kB
VmallocTotal:   34359738367 kB
VmallocUsed:       78780 kB
VmallocChunk:   34359633916 kB
HardwareCorrupted:     0 kB
AnonHugePages:         0 kB
HugePages_Total:       0
HugePages_Free:        0
HugePages_Rsvd:        0
HugePages_Surp:        0
Hugepagesize:       2048 kB
DirectMap4k:      362144 kB
DirectMap2M:     3831808 kB


CPU:total 2 (2 cores per cpu, 1 threads per core) family 6 model 23 stepping 10, cmov, cx8, fxsr, mmx, sse, sse2, sse3, ssse3, sse4.1, tsc

/proc/cpuinfo:
processor	: 0
vendor_id	: GenuineIntel
cpu family	: 6
model		: 23
model name	: Intel(R) Core(TM)2 Duo CPU     P8800  @ 2.66GHz
stepping	: 10
microcode	: 0xa07
cpu MHz		: 2668.000
cache size	: 3072 KB
physical id	: 0
siblings	: 2
core id		: 0
cpu cores	: 2
apicid		: 0
initial apicid	: 0
fpu		: yes
fpu_exception	: yes
cpuid level	: 13
wp		: yes
flags		: fpu vme de pse tsc msr pae mce cx8 apic sep mtrr pge mca cmov pat pse36 clflush dts acpi mmx fxsr sse sse2 ss ht tm pbe syscall nx lm constant_tsc arch_perfmon pebs bts rep_good nopl aperfmperf pni dtes64 monitor ds_cpl vmx smx est tm2 ssse3 cx16 xtpr pdcm sse4_1 xsave lahf_lm ida dtherm tpr_shadow vnmi flexpriority
bogomips	: 5333.02
clflush size	: 64
cache_alignment	: 64
address sizes	: 36 bits physical, 48 bits virtual
power management:

processor	: 1
vendor_id	: GenuineIntel
cpu family	: 6
model		: 23
model name	: Intel(R) Core(TM)2 Duo CPU     P8800  @ 2.66GHz
stepping	: 10
microcode	: 0xa07
cpu MHz		: 2668.000
cache size	: 3072 KB
physical id	: 0
siblings	: 2
core id		: 1
cpu cores	: 2
apicid		: 1
initial apicid	: 1
fpu		: yes
fpu_exception	: yes
cpuid level	: 13
wp		: yes
flags		: fpu vme de pse tsc msr pae mce cx8 apic sep mtrr pge mca cmov pat pse36 clflush dts acpi mmx fxsr sse sse2 ss ht tm pbe syscall nx lm constant_tsc arch_perfmon pebs bts rep_good nopl aperfmperf pni dtes64 monitor ds_cpl vmx smx est tm2 ssse3 cx16 xtpr pdcm sse4_1 xsave lahf_lm ida dtherm tpr_shadow vnmi flexpriority
bogomips	: 5333.02
clflush size	: 64
cache_alignment	: 64
address sizes	: 36 bits physical, 48 bits virtual
power management:



Memory: 4k page, physical 4048124k(535372k free), swap 4194300k(4191760k free)

vm_info: OpenJDK 64-Bit Server VM (24.45-b08) for linux-amd64 JRE (1.7.0_51-b00), built on Jan 15 2014 22:02:57 by "buildd" with gcc 4.8.1

time: Sat Feb 22 01:54:06 2014
elapsed time: 1 seconds

