#
# A fatal error has been detected by the Java Runtime Environment:
#
#  SIGSEGV (0xb) at pc=0x00007f12c34b5c50, pid=4162, tid=139718413268736
#
# JRE version: OpenJDK Runtime Environment (7.0_51) (build 1.7.0_51-b00)
# Java VM: OpenJDK 64-Bit Server VM (24.45-b08 mixed mode linux-amd64 compressed oops)
# Problematic frame:
# C  [libXrandr.so.2+0x2c50]  XRRConfigTimes+0x0
#
# Failed to write core dump. Core dumps have been disabled. To enable core dumping, try "ulimit -c unlimited" before starting Java again
#
# If you would like to submit a bug report, please include
# instructions on how to reproduce the bug and visit:
#   http://icedtea.classpath.org/bugzilla
# The crash happened outside the Java Virtual Machine in native code.
# See problematic frame for where to report the bug.
#

---------------  T H R E A D  ---------------

Current thread (0x00007f12f420f000):  JavaThread "Thread-0" [_thread_in_native, id=4189, stack(0x00007f12ba543000,0x00007f12ba644000)]

siginfo:si_signo=SIGSEGV: si_errno=0, si_code=1 (SEGV_MAPERR), si_addr=0x0000000000000028

Registers:
RAX=0x0000000000000000, RBX=0x00000000019b18d0, RCX=0x0000000000000000, RDX=0x0000000000000000
RSP=0x00007f12ba642618, RBP=0x0000000000000000, RSI=0x00007f12ba642630, RDI=0x0000000000000000
R8 =0x0000000000000000, R9 =0x00007f12a0000078, R10=0x00000000000200f1, R11=0x0000000000000246
R12=0x0000000000000253, R13=0x00007f12a0000e00, R14=0x00007f12ba6426a8, R15=0x00007f12a0000e00
RIP=0x00007f12c34b5c50, EFLAGS=0x0000000000010246, CSGSFS=0x0000000000000033, ERR=0x0000000000000004
  TRAPNO=0x000000000000000e

Top of Stack: (sp=0x00007f12ba642618)
0x00007f12ba642618:   00007f12ba88a371 000000000049de63
0x00007f12ba642628:   0000000500000001 0000000000005dad
0x00007f12ba642638:   00017f12ba642788 00007f12a0000e00
0x00007f12ba642648:   0000000000000000 00007f12f420f1d8
0x00007f12ba642658:   0000000000000556 0000000000000300
0x00007f12ba642668:   00007f12ba88a5e7 00000000019b18d0
0x00007f12ba642678:   0000000af420b320 0000000000000032
0x00007f12ba642688:   00007f12ba6426a8 00007f12ba6426b0
0x00007f12ba642698:   00000000f908eeb0 00007f12ba642700
0x00007f12ba6426a8:   000000b8001c2a60 000000000049de63
0x00007f12ba6426b8:   00000005ba642700 00000000b81b7c18
0x00007f12ba6426c8:   00000000b81b7c18 00007f12ba642768
0x00007f12ba6426d8:   0000000000000000 00000000b81b7c10
0x00007f12ba6426e8:   00007f12ba6427a8 00007f12f420f000
0x00007f12ba6426f8:   00007f12f018e738 00007f12c40d14e8
0x00007f12ba642708:   00007f12c40d14e8 00007f12c40d14c8
0x00007f12ba642718:   00007f12c40d14c8 00007f12fffffffe
0x00007f12ba642728:   00007f12ba642728 00000000b81b7c10
0x00007f12ba642738:   00007f12ba6427a8 00000000b81c1b40
0x00007f12ba642748:   0000000000000000 00000000b81b7c18
0x00007f12ba642758:   0000000000000000 00007f12ba642788
0x00007f12ba642768:   00007f12ba6427f0 00007f12f0182058
0x00007f12ba642778:   00000000ebaebb80 00007f12f018acd8
0x00007f12ba642788:   00000000ebbaea80 000000000000000a
0x00007f12ba642798:   0000000000000000 00000000019b18d0
0x00007f12ba6427a8:   00007f12f0182175 00007f12ba6427b0
0x00007f12ba6427b8:   00000000b81b7afe 00007f12ba642810
0x00007f12ba6427c8:   00000000b81c1b40 0000000000000000
0x00007f12ba6427d8:   00000000b81b7b50 00007f12ba642788
0x00007f12ba6427e8:   00007f12ba642808 00007f12ba642858
0x00007f12ba6427f8:   00007f12f0182058 0000000000000000
0x00007f12ba642808:   00000000ebbaea80 00000000ebafe4d8 

Instructions: (pc=0x00007f12c34b5c50)
0x00007f12c34b5c30:   7f e6 85 c9 74 0a 0f bf 08 48 83 c0 02 89 0a c3
0x00007f12c34b5c40:   c7 02 00 00 00 00 31 c0 c3 0f 1f 80 00 00 00 00
0x00007f12c34b5c50:   48 8b 47 28 48 89 06 48 8b 47 20 c3 0f 1f 40 00
0x00007f12c34b5c60:   0f b7 47 12 66 89 06 8b 47 18 c3 0f 1f 44 00 00 

Register to memory mapping:

RAX=0x0000000000000000 is an unknown value
RBX=0x00000000019b18d0 is an unknown value
RCX=0x0000000000000000 is an unknown value
RDX=0x0000000000000000 is an unknown value
RSP=0x00007f12ba642618 is pointing into the stack for thread: 0x00007f12f420f000
RBP=0x0000000000000000 is an unknown value
RSI=0x00007f12ba642630 is pointing into the stack for thread: 0x00007f12f420f000
RDI=0x0000000000000000 is an unknown value
R8 =0x0000000000000000 is an unknown value
R9 =0x00007f12a0000078 is an unknown value
R10=0x00000000000200f1 is an unknown value
R11=0x0000000000000246 is an unknown value
R12=0x0000000000000253 is an unknown value
R13=0x00007f12a0000e00 is an unknown value
R14=0x00007f12ba6426a8 is pointing into the stack for thread: 0x00007f12f420f000
R15=0x00007f12a0000e00 is an unknown value


Stack: [0x00007f12ba543000,0x00007f12ba644000],  sp=0x00007f12ba642618,  free space=1021k
Native frames: (J=compiled Java code, j=interpreted, Vv=VM code, C=native code)
C  [libXrandr.so.2+0x2c50]  XRRConfigTimes+0x0

[error occurred during error reporting (printing native stack), id 0xb]

Java frames: (J=compiled Java code, j=interpreted, Vv=VM code)
j  org.lwjgl.opengl.LinuxDisplay.nSwitchDisplayMode(JIILorg/lwjgl/opengl/DisplayMode;)V+0
j  org.lwjgl.opengl.LinuxDisplay.switchDisplayModeOnTmpDisplay(Lorg/lwjgl/opengl/DisplayMode;)V+14
j  org.lwjgl.opengl.LinuxDisplay.switchDisplayMode(Lorg/lwjgl/opengl/DisplayMode;)V+5
j  org.lwjgl.opengl.LinuxDisplay.resetDisplayMode()V+40
j  org.lwjgl.opengl.Display.reset()V+3
j  org.lwjgl.opengl.Display.access$000()V+0
j  org.lwjgl.opengl.Display$1.run()V+0
v  ~StubRoutines::call_stub

---------------  P R O C E S S  ---------------

Java Threads: ( => current thread )
=>0x00007f12f420f000 JavaThread "Thread-0" [_thread_in_native, id=4189, stack(0x00007f12ba543000,0x00007f12ba644000)]
  0x00007f12f42f1000 JavaThread "XToolkt-Shutdown-Thread" [_thread_blocked, id=4188, stack(0x00007f12b8281000,0x00007f12b8382000)]
  0x00000000019bf000 JavaThread "process reaper" daemon [_thread_blocked, id=4186, stack(0x00007f12b8147000,0x00007f12b8180000)]
  0x00007f12f400a000 JavaThread "DestroyJavaVM" [_thread_blocked, id=4165, stack(0x00007f12fa5a7000,0x00007f12fa6a8000)]
  0x00007f12f41f3000 JavaThread "AWT-XAWT" daemon [_thread_blocked, id=4180, stack(0x00007f12dc02c000,0x00007f12dc12d000)]
  0x00007f12f41d0000 JavaThread "Java2D Disposer" daemon [_thread_blocked, id=4179, stack(0x00007f12ec025000,0x00007f12ec126000)]
  0x00007f12f40a2000 JavaThread "Service Thread" daemon [_thread_blocked, id=4177, stack(0x00007f12ec272000,0x00007f12ec373000)]
  0x00007f12f409f800 JavaThread "C2 CompilerThread1" daemon [_thread_blocked, id=4176, stack(0x00007f12ec373000,0x00007f12ec474000)]
  0x00007f12f409c800 JavaThread "C2 CompilerThread0" daemon [_thread_blocked, id=4175, stack(0x00007f12ec474000,0x00007f12ec575000)]
  0x00007f12f409a800 JavaThread "Signal Dispatcher" daemon [_thread_blocked, id=4174, stack(0x00007f12ec575000,0x00007f12ec676000)]
  0x00007f12f4077800 JavaThread "Finalizer" daemon [_thread_blocked, id=4173, stack(0x00007f12ec676000,0x00007f12ec777000)]
  0x00007f12f4075800 JavaThread "Reference Handler" daemon [_thread_blocked, id=4172, stack(0x00007f12ec777000,0x00007f12ec878000)]

Other Threads:
  0x00007f12f4071000 VMThread [stack: 0x00007f12ec878000,0x00007f12ec979000] [id=4171]
  0x00007f12f40ac800 WatcherThread [stack: 0x00007f12ec171000,0x00007f12ec272000] [id=4178]

VM state:not at safepoint (normal execution)

VM Mutex/Monitor currently owned by a thread: None

Heap
 PSYoungGen      total 18944K, used 15496K [0x00000000eb600000, 0x00000000ecb00000, 0x0000000100000000)
  eden space 16384K, 94% used [0x00000000eb600000,0x00000000ec522260,0x00000000ec600000)
  from space 2560K, 0% used [0x00000000ec880000,0x00000000ec880000,0x00000000ecb00000)
  to   space 2560K, 0% used [0x00000000ec600000,0x00000000ec600000,0x00000000ec880000)
 ParOldGen       total 41984K, used 0K [0x00000000c2200000, 0x00000000c4b00000, 0x00000000eb600000)
  object space 41984K, 0% used [0x00000000c2200000,0x00000000c2200000,0x00000000c4b00000)
 PSPermGen       total 21504K, used 8710K [0x00000000b7c00000, 0x00000000b9100000, 0x00000000c2200000)
  object space 21504K, 40% used [0x00000000b7c00000,0x00000000b8481bd0,0x00000000b9100000)

Card table byte_map: [0x00007f12eff39000,0x00007f12f017c000] byte_map_base: 0x00007f12ef97b000

Polling page: 0x00007f12fa6c5000

Code Cache  [0x00007f12f017c000, 0x00007f12f03ec000, 0x00007f12f317c000)
 total_blobs=481 nmethods=32 adapters=404 free_code_cache=48570Kb largest_free_block=49721536

Compilation events (10 events):
Event: 1,218 Thread 0x00007f12f409f800 nmethod 27 0x00007f12f020bb50 code [0x00007f12f020bd40, 0x00007f12f020d230]
Event: 1,218 Thread 0x00007f12f409f800   29             java.lang.String::indexOf (7 bytes)
Event: 1,220 Thread 0x00007f12f409f800 nmethod 29 0x00007f12f0208810 code [0x00007f12f0208960, 0x00007f12f0208ac8]
Event: 1,220 Thread 0x00007f12f409f800   30             java.util.Arrays::copyOfRange (63 bytes)
Event: 1,222 Thread 0x00007f12f409f800 nmethod 30 0x00007f12f0208390 code [0x00007f12f02084e0, 0x00007f12f02086d8]
Event: 1,224 Thread 0x00007f12f409c800 nmethod 28 0x00007f12f020f4d0 code [0x00007f12f020f760, 0x00007f12f02102d0]
Event: 1,228 Thread 0x00007f12f409f800   31             java.lang.String::<init> (67 bytes)
Event: 1,231 Thread 0x00007f12f409f800 nmethod 31 0x00007f12f0207c10 code [0x00007f12f0207d60, 0x00007f12f0207fd8]
Event: 1,248 Thread 0x00007f12f409c800   32             java.lang.AbstractStringBuilder::ensureCapacityInternal (16 bytes)
Event: 1,251 Thread 0x00007f12f409c800 nmethod 32 0x00007f12f0209a90 code [0x00007f12f0209be0, 0x00007f12f0209e58]

GC Heap History (0 events):
No events

Deoptimization events (0 events):
No events

Internal exceptions (10 events):
Event: 1,265 Thread 0x00007f12f42f1000 Threw 0x00000000ec44bc58 at /build/buildd/openjdk-7-7u51-2.4.4/build/openjdk/hotspot/src/share/vm/prims/jvm.cpp:1244
Event: 1,265 Thread 0x00007f12f42f1000 Threw 0x00000000ec44ecf0 at /build/buildd/openjdk-7-7u51-2.4.4/build/openjdk/hotspot/src/share/vm/prims/jvm.cpp:1244
Event: 1,265 Thread 0x00007f12f42f1000 Threw 0x00000000ec451d88 at /build/buildd/openjdk-7-7u51-2.4.4/build/openjdk/hotspot/src/share/vm/prims/jvm.cpp:1244
Event: 1,266 Thread 0x00007f12f42f1000 Threw 0x00000000ec454e28 at /build/buildd/openjdk-7-7u51-2.4.4/build/openjdk/hotspot/src/share/vm/prims/jvm.cpp:1244
Event: 1,268 Thread 0x00007f12f42f1000 Threw 0x00000000ec459038 at /build/buildd/openjdk-7-7u51-2.4.4/build/openjdk/hotspot/src/share/vm/prims/jvm.cpp:1244
Event: 1,270 Thread 0x00007f12f42f1000 Threw 0x00000000ec45e3a0 at /build/buildd/openjdk-7-7u51-2.4.4/build/openjdk/hotspot/src/share/vm/prims/jvm.cpp:1244
Event: 1,270 Thread 0x00007f12f42f1000 Threw 0x00000000ec463108 at /build/buildd/openjdk-7-7u51-2.4.4/build/openjdk/hotspot/src/share/vm/prims/jvm.cpp:1244
Event: 1,271 Thread 0x00007f12f42f1000 Threw 0x00000000ec4687f0 at /build/buildd/openjdk-7-7u51-2.4.4/build/openjdk/hotspot/src/share/vm/prims/jvm.cpp:1244
Event: 1,273 Thread 0x00007f12f42f1000 Threw 0x00000000ec46e580 at /build/buildd/openjdk-7-7u51-2.4.4/build/openjdk/hotspot/src/share/vm/prims/jvm.cpp:1244
Event: 1,274 Thread 0x00007f12f42f1000 Threw 0x00000000ec472a58 at /build/buildd/openjdk-7-7u51-2.4.4/build/openjdk/hotspot/src/share/vm/interpreter/linkResolver.cpp:883

Events (10 events):
Event: 1,278 loading class 0x00007f12d0045a40 done
Event: 1,278 loading class 0x00007f12d0045a10 done
Event: 1,278 Thread 0x00007f12f42f1000 Thread added: 0x00007f12f42f1000
Event: 1,278 loading class 0x00007f12c4038bb0
Event: 1,279 loading class 0x00007f12f42c8b30
Event: 1,279 loading class 0x00007f12f42c8b30 done
Event: 1,279 loading class 0x00007f12f42c8b60
Event: 1,279 loading class 0x00007f12f42c8b60 done
Event: 1,279 loading class 0x00007f12c4038bb0 done
Event: 1,279 Thread 0x00007f12f420f000 Thread added: 0x00007f12f420f000


Dynamic libraries:
00400000-00401000 r-xp 00000000 08:06 1202055                            /usr/lib/jvm/java-7-openjdk-amd64/jre/bin/java
00600000-00601000 r--p 00000000 08:06 1202055                            /usr/lib/jvm/java-7-openjdk-amd64/jre/bin/java
00601000-00602000 rw-p 00001000 08:06 1202055                            /usr/lib/jvm/java-7-openjdk-amd64/jre/bin/java
019ab000-0206b000 rw-p 00000000 00:00 0                                  [heap]
40dc3000-40dc5000 r-xs 00000000 08:06 1062404                            /tmp/gl21Rk2p (deleted)
410bf000-4115c000 rw-p 00000000 00:00 0 
b7c00000-b9100000 rw-p 00000000 00:00 0 
b9100000-c2200000 rw-p 00000000 00:00 0 
c2200000-c4b00000 rw-p 00000000 00:00 0 
c4b00000-eb600000 rw-p 00000000 00:00 0 
eb600000-ecb00000 rw-p 00000000 00:00 0 
ecb00000-100000000 rw-p 00000000 00:00 0 
7f12a0000000-7f12a0044000 rw-p 00000000 00:00 0 
7f12a0044000-7f12a4000000 ---p 00000000 00:00 0 
7f12a5377000-7f12a5577000 rw-s d3cde000 00:05 11852                      /dev/nvidia0
7f12a5577000-7f12a6fbe000 r-xp 00000000 08:06 1198088                    /usr/lib/nvidia-319/libnvidia-glcore.so.319.32
7f12a6fbe000-7f12a71be000 ---p 01a47000 08:06 1198088                    /usr/lib/nvidia-319/libnvidia-glcore.so.319.32
7f12a71be000-7f12a7ab5000 rwxp 01a47000 08:06 1198088                    /usr/lib/nvidia-319/libnvidia-glcore.so.319.32
7f12a7ab5000-7f12a7ace000 rwxp 00000000 00:00 0 
7f12a7ace000-7f12a7ad1000 r-xp 00000000 08:06 1198083                    /usr/lib/nvidia-319/tls/libnvidia-tls.so.319.32
7f12a7ad1000-7f12a7cd0000 ---p 00003000 08:06 1198083                    /usr/lib/nvidia-319/tls/libnvidia-tls.so.319.32
7f12a7cd0000-7f12a7cd1000 rw-p 00002000 08:06 1198083                    /usr/lib/nvidia-319/tls/libnvidia-tls.so.319.32
7f12a7cd1000-7f12a7dab000 r-xp 00000000 08:06 1198087                    /usr/lib/nvidia-319/libGL.so.319.32
7f12a7dab000-7f12a7faa000 ---p 000da000 08:06 1198087                    /usr/lib/nvidia-319/libGL.so.319.32
7f12a7faa000-7f12a7fe9000 rwxp 000d9000 08:06 1198087                    /usr/lib/nvidia-319/libGL.so.319.32
7f12a7fe9000-7f12a7fff000 rwxp 00000000 00:00 0 
7f12ac000000-7f12ac021000 rw-p 00000000 00:00 0 
7f12ac021000-7f12b0000000 ---p 00000000 00:00 0 
7f12b0000000-7f12b0021000 rw-p 00000000 00:00 0 
7f12b0021000-7f12b4000000 ---p 00000000 00:00 0 
7f12b4000000-7f12b4021000 rw-p 00000000 00:00 0 
7f12b4021000-7f12b8000000 ---p 00000000 00:00 0 
7f12b8007000-7f12b8107000 rw-s bd9a1000 00:05 11852                      /dev/nvidia0
7f12b8107000-7f12b8147000 rw-s b91b0000 00:05 11852                      /dev/nvidia0
7f12b8147000-7f12b814a000 ---p 00000000 00:00 0 
7f12b814a000-7f12b8180000 rw-p 00000000 00:00 0                          [stack:4186]
7f12b8180000-7f12b8183000 ---p 00000000 00:00 0 
7f12b8183000-7f12b8281000 rw-p 00000000 00:00 0                          [stack:4184]
7f12b8281000-7f12b8284000 ---p 00000000 00:00 0 
7f12b8284000-7f12b8382000 rw-p 00000000 00:00 0                          [stack:4188]
7f12b8382000-7f12b8383000 ---p 00000000 00:00 0 
7f12b8383000-7f12b8b83000 rw-p 00000000 00:00 0 
7f12b8b83000-7f12b8b8a000 r-xp 00000000 08:06 1189211                    /usr/lib/x86_64-linux-gnu/libogg.so.0.8.1
7f12b8b8a000-7f12b8d8a000 ---p 00007000 08:06 1189211                    /usr/lib/x86_64-linux-gnu/libogg.so.0.8.1
7f12b8d8a000-7f12b8d8b000 r--p 00007000 08:06 1189211                    /usr/lib/x86_64-linux-gnu/libogg.so.0.8.1
7f12b8d8b000-7f12b8d8c000 rw-p 00008000 08:06 1189211                    /usr/lib/x86_64-linux-gnu/libogg.so.0.8.1
7f12b8d8c000-7f12b8db7000 r-xp 00000000 08:06 1189427                    /usr/lib/x86_64-linux-gnu/libvorbis.so.0.4.5
7f12b8db7000-7f12b8fb7000 ---p 0002b000 08:06 1189427                    /usr/lib/x86_64-linux-gnu/libvorbis.so.0.4.5
7f12b8fb7000-7f12b8fb8000 r--p 0002b000 08:06 1189427                    /usr/lib/x86_64-linux-gnu/libvorbis.so.0.4.5
7f12b8fb8000-7f12b8fb9000 rw-p 0002c000 08:06 1189427                    /usr/lib/x86_64-linux-gnu/libvorbis.so.0.4.5
7f12b8fb9000-7f12b926c000 r-xp 00000000 08:06 1189429                    /usr/lib/x86_64-linux-gnu/libvorbisenc.so.2.0.8
7f12b926c000-7f12b946b000 ---p 002b3000 08:06 1189429                    /usr/lib/x86_64-linux-gnu/libvorbisenc.so.2.0.8
7f12b946b000-7f12b9487000 r--p 002b2000 08:06 1189429                    /usr/lib/x86_64-linux-gnu/libvorbisenc.so.2.0.8
7f12b9487000-7f12b9488000 rw-p 002ce000 08:06 1189429                    /usr/lib/x86_64-linux-gnu/libvorbisenc.so.2.0.8
7f12b9488000-7f12b94b7000 r-xp 00000000 08:06 1188551                    /usr/lib/x86_64-linux-gnu/libFLAC.so.8.3.0
7f12b94b7000-7f12b96b7000 ---p 0002f000 08:06 1188551                    /usr/lib/x86_64-linux-gnu/libFLAC.so.8.3.0
7f12b96b7000-7f12b96b8000 r--p 0002f000 08:06 1188551                    /usr/lib/x86_64-linux-gnu/libFLAC.so.8.3.0
7f12b96b8000-7f12b96b9000 rw-p 00030000 08:06 1188551                    /usr/lib/x86_64-linux-gnu/libFLAC.so.8.3.0
7f12b96b9000-7f12b96be000 r-xp 00000000 08:06 1188649                    /usr/lib/x86_64-linux-gnu/libasyncns.so.0.3.1
7f12b96be000-7f12b98bd000 ---p 00005000 08:06 1188649                    /usr/lib/x86_64-linux-gnu/libasyncns.so.0.3.1
7f12b98bd000-7f12b98be000 r--p 00004000 08:06 1188649                    /usr/lib/x86_64-linux-gnu/libasyncns.so.0.3.1
7f12b98be000-7f12b98bf000 rw-p 00005000 08:06 1188649                    /usr/lib/x86_64-linux-gnu/libasyncns.so.0.3.1
7f12b98bf000-7f12b9920000 r-xp 00000000 08:06 1189339                    /usr/lib/x86_64-linux-gnu/libsndfile.so.1.0.25
7f12b9920000-7f12b9b20000 ---p 00061000 08:06 1189339                    /usr/lib/x86_64-linux-gnu/libsndfile.so.1.0.25
7f12b9b20000-7f12b9b22000 r--p 00061000 08:06 1189339                    /usr/lib/x86_64-linux-gnu/libsndfile.so.1.0.25
7f12b9b22000-7f12b9b23000 rw-p 00063000 08:06 1189339                    /usr/lib/x86_64-linux-gnu/libsndfile.so.1.0.25
7f12b9b23000-7f12b9b27000 rw-p 00000000 00:00 0 
7f12b9b27000-7f12b9b2f000 r-xp 00000000 08:06 397398                     /lib/x86_64-linux-gnu/libwrap.so.0.7.6
7f12b9b2f000-7f12b9d2f000 ---p 00008000 08:06 397398                     /lib/x86_64-linux-gnu/libwrap.so.0.7.6
7f12b9d2f000-7f12b9d30000 r--p 00008000 08:06 397398                     /lib/x86_64-linux-gnu/libwrap.so.0.7.6
7f12b9d30000-7f12b9d31000 rw-p 00009000 08:06 397398                     /lib/x86_64-linux-gnu/libwrap.so.0.7.6
7f12b9d31000-7f12b9d97000 r-xp 00000000 08:06 1445117                    /usr/lib/x86_64-linux-gnu/pulseaudio/libpulsecommon-4.0.so
7f12b9d97000-7f12b9f96000 ---p 00066000 08:06 1445117                    /usr/lib/x86_64-linux-gnu/pulseaudio/libpulsecommon-4.0.so
7f12b9f96000-7f12b9f97000 r--p 00065000 08:06 1445117                    /usr/lib/x86_64-linux-gnu/pulseaudio/libpulsecommon-4.0.so
7f12b9f97000-7f12b9f98000 rw-p 00066000 08:06 1445117                    /usr/lib/x86_64-linux-gnu/pulseaudio/libpulsecommon-4.0.so
7f12b9f98000-7f12b9fa1000 r-xp 00000000 08:06 397282                     /lib/x86_64-linux-gnu/libjson-c.so.2.0.1
7f12b9fa1000-7f12ba1a0000 ---p 00009000 08:06 397282                     /lib/x86_64-linux-gnu/libjson-c.so.2.0.1
7f12ba1a0000-7f12ba1a1000 r--p 00008000 08:06 397282                     /lib/x86_64-linux-gnu/libjson-c.so.2.0.1
7f12ba1a1000-7f12ba1a2000 rw-p 00009000 08:06 397282                     /lib/x86_64-linux-gnu/libjson-c.so.2.0.1
7f12ba1a2000-7f12ba1e9000 r-xp 00000000 08:06 1189276                    /usr/lib/x86_64-linux-gnu/libpulse.so.0.16.2
7f12ba1e9000-7f12ba3e9000 ---p 00047000 08:06 1189276                    /usr/lib/x86_64-linux-gnu/libpulse.so.0.16.2
7f12ba3e9000-7f12ba3ea000 r--p 00047000 08:06 1189276                    /usr/lib/x86_64-linux-gnu/libpulse.so.0.16.2
7f12ba3ea000-7f12ba3eb000 rw-p 00048000 08:06 1189276                    /usr/lib/x86_64-linux-gnu/libpulse.so.0.16.2
7f12ba543000-7f12ba546000 ---p 00000000 00:00 0 
7f12ba546000-7f12ba644000 rw-p 00000000 00:00 0                          [stack:4189]
7f12ba644000-7f12ba648000 r-xp 00000000 08:06 1188619                    /usr/lib/x86_64-linux-gnu/libXxf86vm.so.1.0.0
7f12ba648000-7f12ba848000 ---p 00004000 08:06 1188619                    /usr/lib/x86_64-linux-gnu/libXxf86vm.so.1.0.0
7f12ba848000-7f12ba849000 r--p 00004000 08:06 1188619                    /usr/lib/x86_64-linux-gnu/libXxf86vm.so.1.0.0
7f12ba849000-7f12ba84a000 rw-p 00005000 08:06 1188619                    /usr/lib/x86_64-linux-gnu/libXxf86vm.so.1.0.0
7f12ba84a000-7f12ba8b4000 r-xp 00000000 08:06 1196391                    /tmp/libgdxxelun/d13da6b9/liblwjgl64.so
7f12ba8b4000-7f12baab4000 ---p 0006a000 08:06 1196391                    /tmp/libgdxxelun/d13da6b9/liblwjgl64.so
7f12baab4000-7f12baab6000 r--p 0006a000 08:06 1196391                    /tmp/libgdxxelun/d13da6b9/liblwjgl64.so
7f12baab6000-7f12baab7000 rw-p 0006c000 08:06 1196391                    /tmp/libgdxxelun/d13da6b9/liblwjgl64.so
7f12baab7000-7f12baab8000 r-xp 00000000 08:06 1201990                    /usr/lib/jvm/java-7-openjdk-amd64/jre/lib/amd64/libjawt.so
7f12baab8000-7f12bacb7000 ---p 00001000 08:06 1201990                    /usr/lib/jvm/java-7-openjdk-amd64/jre/lib/amd64/libjawt.so
7f12bacb7000-7f12bacb8000 r--p 00000000 08:06 1201990                    /usr/lib/jvm/java-7-openjdk-amd64/jre/lib/amd64/libjawt.so
7f12bacb8000-7f12bacb9000 rw-p 00001000 08:06 1201990                    /usr/lib/jvm/java-7-openjdk-amd64/jre/lib/amd64/libjawt.so
7f12bacb9000-7f12bacbd000 r-xp 00000000 08:06 397273                     /lib/x86_64-linux-gnu/libgpg-error.so.0.10.0
7f12bacbd000-7f12baebc000 ---p 00004000 08:06 397273                     /lib/x86_64-linux-gnu/libgpg-error.so.0.10.0
7f12baebc000-7f12baebd000 r--p 00003000 08:06 397273                     /lib/x86_64-linux-gnu/libgpg-error.so.0.10.0
7f12baebd000-7f12baebe000 rw-p 00004000 08:06 397273                     /lib/x86_64-linux-gnu/libgpg-error.so.0.10.0
7f12baebe000-7f12baec0000 r-xp 00000000 08:06 397285                     /lib/x86_64-linux-gnu/libkeyutils.so.1.4
7f12baec0000-7f12bb0c0000 ---p 00002000 08:06 397285                     /lib/x86_64-linux-gnu/libkeyutils.so.1.4
7f12bb0c0000-7f12bb0c1000 r--p 00002000 08:06 397285                     /lib/x86_64-linux-gnu/libkeyutils.so.1.4
7f12bb0c1000-7f12bb0c2000 rw-p 00003000 08:06 397285                     /lib/x86_64-linux-gnu/libkeyutils.so.1.4
7f12bb0c2000-7f12bb0da000 r-xp 00000000 08:06 1188949                    /usr/lib/x86_64-linux-gnu/libgraphite2.so.3.0.1
7f12bb0da000-7f12bb2d9000 ---p 00018000 08:06 1188949                    /usr/lib/x86_64-linux-gnu/libgraphite2.so.3.0.1
7f12bb2d9000-7f12bb2db000 r--p 00017000 08:06 1188949                    /usr/lib/x86_64-linux-gnu/libgraphite2.so.3.0.1
7f12bb2db000-7f12bb2dc000 rw-p 00019000 08:06 1188949                    /usr/lib/x86_64-linux-gnu/libgraphite2.so.3.0.1
7f12bb2dc000-7f12bb320000 r-xp 00000000 08:06 397254                     /lib/x86_64-linux-gnu/libdbus-1.so.3.7.4
7f12bb320000-7f12bb51f000 ---p 00044000 08:06 397254                     /lib/x86_64-linux-gnu/libdbus-1.so.3.7.4
7f12bb51f000-7f12bb520000 r--p 00043000 08:06 397254                     /lib/x86_64-linux-gnu/libdbus-1.so.3.7.4
7f12bb520000-7f12bb521000 rw-p 00044000 08:06 397254                     /lib/x86_64-linux-gnu/libdbus-1.so.3.7.4
7f12bb521000-7f12bb53f000 r-xp 00000000 08:06 1189219                    /usr/lib/x86_64-linux-gnu/libp11-kit.so.0.0.0
7f12bb53f000-7f12bb73e000 ---p 0001e000 08:06 1189219                    /usr/lib/x86_64-linux-gnu/libp11-kit.so.0.0.0
7f12bb73e000-7f12bb740000 r--p 0001d000 08:06 1189219                    /usr/lib/x86_64-linux-gnu/libp11-kit.so.0.0.0
7f12bb740000-7f12bb741000 rw-p 0001f000 08:06 1189219                    /usr/lib/x86_64-linux-gnu/libp11-kit.so.0.0.0
7f12bb741000-7f12bb751000 r-xp 00000000 08:06 1189371                    /usr/lib/x86_64-linux-gnu/libtasn1.so.3.2.0
7f12bb751000-7f12bb950000 ---p 00010000 08:06 1189371                    /usr/lib/x86_64-linux-gnu/libtasn1.so.3.2.0
7f12bb950000-7f12bb951000 r--p 0000f000 08:06 1189371                    /usr/lib/x86_64-linux-gnu/libtasn1.so.3.2.0
7f12bb951000-7f12bb952000 rw-p 00010000 08:06 1189371                    /usr/lib/x86_64-linux-gnu/libtasn1.so.3.2.0
7f12bb952000-7f12bb9cc000 r-xp 00000000 08:06 397269                     /lib/x86_64-linux-gnu/libgcrypt.so.11.7.0
7f12bb9cc000-7f12bbbcc000 ---p 0007a000 08:06 397269                     /lib/x86_64-linux-gnu/libgcrypt.so.11.7.0
7f12bbbcc000-7f12bbbcd000 r--p 0007a000 08:06 397269                     /lib/x86_64-linux-gnu/libgcrypt.so.11.7.0
7f12bbbcd000-7f12bbbd0000 rw-p 0007b000 08:06 397269                     /lib/x86_64-linux-gnu/libgcrypt.so.11.7.0
7f12bbbd0000-7f12bbbd7000 r-xp 00000000 08:06 1189126                    /usr/lib/x86_64-linux-gnu/libkrb5support.so.0.1
7f12bbbd7000-7f12bbdd6000 ---p 00007000 08:06 1189126                    /usr/lib/x86_64-linux-gnu/libkrb5support.so.0.1
7f12bbdd6000-7f12bbdd7000 r--p 00006000 08:06 1189126                    /usr/lib/x86_64-linux-gnu/libkrb5support.so.0.1
7f12bbdd7000-7f12bbdd8000 rw-p 00007000 08:06 1189126                    /usr/lib/x86_64-linux-gnu/libkrb5support.so.0.1
7f12bbdd8000-7f12bbdfe000 r-xp 00000000 08:06 1189120                    /usr/lib/x86_64-linux-gnu/libk5crypto.so.3.1
7f12bbdfe000-7f12bbffd000 ---p 00026000 08:06 1189120                    /usr/lib/x86_64-linux-gnu/libk5crypto.so.3.1
7f12bbffd000-7f12bbffe000 r--p 00025000 08:06 1189120                    /usr/lib/x86_64-linux-gnu/libk5crypto.so.3.1
7f12bbffe000-7f12bbfff000 rw-p 00026000 08:06 1189120                    /usr/lib/x86_64-linux-gnu/libk5crypto.so.3.1
7f12bbfff000-7f12bc000000 rw-p 00000000 00:00 0 
7f12bc000000-7f12bc021000 rw-p 00000000 00:00 0 
7f12bc021000-7f12c0000000 ---p 00000000 00:00 0 
7f12c0001000-7f12c0021000 rw-s 42dd7000 00:05 11852                      /dev/nvidia0
7f12c0021000-7f12c0024000 r-xp 00000000 08:06 397249                     /lib/x86_64-linux-gnu/libcom_err.so.2.1
7f12c0024000-7f12c0223000 ---p 00003000 08:06 397249                     /lib/x86_64-linux-gnu/libcom_err.so.2.1
7f12c0223000-7f12c0224000 r--p 00002000 08:06 397249                     /lib/x86_64-linux-gnu/libcom_err.so.2.1
7f12c0224000-7f12c0225000 rw-p 00003000 08:06 397249                     /lib/x86_64-linux-gnu/libcom_err.so.2.1
7f12c0225000-7f12c02ea000 r-xp 00000000 08:06 1189124                    /usr/lib/x86_64-linux-gnu/libkrb5.so.3.3
7f12c02ea000-7f12c04e9000 ---p 000c5000 08:06 1189124                    /usr/lib/x86_64-linux-gnu/libkrb5.so.3.3
7f12c04e9000-7f12c04f3000 r--p 000c4000 08:06 1189124                    /usr/lib/x86_64-linux-gnu/libkrb5.so.3.3
7f12c04f3000-7f12c04f4000 rw-p 000ce000 08:06 1189124                    /usr/lib/x86_64-linux-gnu/libkrb5.so.3.3
7f12c04f4000-7f12c04fa000 r-xp 00000000 08:06 1188758                    /usr/lib/x86_64-linux-gnu/libdatrie.so.1.2.0
7f12c04fa000-7f12c06f9000 ---p 00006000 08:06 1188758                    /usr/lib/x86_64-linux-gnu/libdatrie.so.1.2.0
7f12c06f9000-7f12c06fa000 r--p 00005000 08:06 1188758                    /usr/lib/x86_64-linux-gnu/libdatrie.so.1.2.0
7f12c06fa000-7f12c06fb000 rw-p 00006000 08:06 1188758                    /usr/lib/x86_64-linux-gnu/libdatrie.so.1.2.0
7f12c06fb000-7f12c074b000 r-xp 00000000 08:06 1189059                    /usr/lib/x86_64-linux-gnu/libharfbuzz.so.0.919.0
7f12c074b000-7f12c094b000 ---p 00050000 08:06 1189059                    /usr/lib/x86_64-linux-gnu/libharfbuzz.so.0.919.0
7f12c094b000-7f12c094c000 r--p 00050000 08:06 1189059                    /usr/lib/x86_64-linux-gnu/libharfbuzz.so.0.919.0
7f12c094c000-7f12c094d000 rw-p 00051000 08:06 1189059                    /usr/lib/x86_64-linux-gnu/libharfbuzz.so.0.919.0
7f12c094d000-7f12c0955000 r-xp 00000000 08:06 1189461                    /usr/lib/x86_64-linux-gnu/libxcb-render.so.0.0.0
7f12c0955000-7f12c0b54000 ---p 00008000 08:06 1189461                    /usr/lib/x86_64-linux-gnu/libxcb-render.so.0.0.0
7f12c0b54000-7f12c0b55000 r--p 00007000 08:06 1189461                    /usr/lib/x86_64-linux-gnu/libxcb-render.so.0.0.0
7f12c0b55000-7f12c0b56000 rw-p 00008000 08:06 1189461                    /usr/lib/x86_64-linux-gnu/libxcb-render.so.0.0.0
7f12c0b56000-7f12c0b58000 r-xp 00000000 08:06 1189465                    /usr/lib/x86_64-linux-gnu/libxcb-shm.so.0.0.0
7f12c0b58000-7f12c0d57000 ---p 00002000 08:06 1189465                    /usr/lib/x86_64-linux-gnu/libxcb-shm.so.0.0.0
7f12c0d57000-7f12c0d58000 r--p 00001000 08:06 1189465                    /usr/lib/x86_64-linux-gnu/libxcb-shm.so.0.0.0
7f12c0d58000-7f12c0d59000 rw-p 00002000 08:06 1189465                    /usr/lib/x86_64-linux-gnu/libxcb-shm.so.0.0.0
7f12c0d59000-7f12c0d7e000 r-xp 00000000 08:06 397353                     /lib/x86_64-linux-gnu/libpng12.so.0.49.0
7f12c0d7e000-7f12c0f7d000 ---p 00025000 08:06 397353                     /lib/x86_64-linux-gnu/libpng12.so.0.49.0
7f12c0f7d000-7f12c0f7e000 r--p 00024000 08:06 397353                     /lib/x86_64-linux-gnu/libpng12.so.0.49.0
7f12c0f7e000-7f12c0f7f000 rw-p 00025000 08:06 397353                     /lib/x86_64-linux-gnu/libpng12.so.0.49.0
7f12c0f7f000-7f12c1020000 r-xp 00000000 08:06 1185990                    /usr/lib/x86_64-linux-gnu/libpixman-1.so.0.30.2
7f12c1020000-7f12c1220000 ---p 000a1000 08:06 1185990                    /usr/lib/x86_64-linux-gnu/libpixman-1.so.0.30.2
7f12c1220000-7f12c1227000 r--p 000a1000 08:06 1185990                    /usr/lib/x86_64-linux-gnu/libpixman-1.so.0.30.2
7f12c1227000-7f12c1228000 rw-p 000a8000 08:06 1185990                    /usr/lib/x86_64-linux-gnu/libpixman-1.so.0.30.2
7f12c1228000-7f12c122d000 r-xp 00000000 08:06 1188583                    /usr/lib/x86_64-linux-gnu/libXdmcp.so.6.0.0
7f12c122d000-7f12c142c000 ---p 00005000 08:06 1188583                    /usr/lib/x86_64-linux-gnu/libXdmcp.so.6.0.0
7f12c142c000-7f12c142d000 r--p 00004000 08:06 1188583                    /usr/lib/x86_64-linux-gnu/libXdmcp.so.6.0.0
7f12c142d000-7f12c142e000 rw-p 00005000 08:06 1188583                    /usr/lib/x86_64-linux-gnu/libXdmcp.so.6.0.0
7f12c142e000-7f12c1430000 r-xp 00000000 08:06 1188572                    /usr/lib/x86_64-linux-gnu/libXau.so.6.0.0
7f12c1430000-7f12c1630000 ---p 00002000 08:06 1188572                    /usr/lib/x86_64-linux-gnu/libXau.so.6.0.0
7f12c1630000-7f12c1631000 r--p 00002000 08:06 1188572                    /usr/lib/x86_64-linux-gnu/libXau.so.6.0.0
7f12c1631000-7f12c1632000 rw-p 00003000 08:06 1188572                    /usr/lib/x86_64-linux-gnu/libXau.so.6.0.0
7f12c1632000-7f12c1641000 r-xp 00000000 08:06 1183921                    /usr/lib/x86_64-linux-gnu/libavahi-client.so.3.2.9
7f12c1641000-7f12c1841000 ---p 0000f000 08:06 1183921                    /usr/lib/x86_64-linux-gnu/libavahi-client.so.3.2.9
7f12c1841000-7f12c1842000 r--p 0000f000 08:06 1183921                    /usr/lib/x86_64-linux-gnu/libavahi-client.so.3.2.9
7f12c1842000-7f12c1843000 rw-p 00010000 08:06 1183921                    /usr/lib/x86_64-linux-gnu/libavahi-client.so.3.2.9
7f12c1843000-7f12c184e000 r-xp 00000000 08:06 1180096                    /usr/lib/x86_64-linux-gnu/libavahi-common.so.3.5.3
7f12c184e000-7f12c1a4d000 ---p 0000b000 08:06 1180096                    /usr/lib/x86_64-linux-gnu/libavahi-common.so.3.5.3
7f12c1a4d000-7f12c1a4e000 r--p 0000a000 08:06 1180096                    /usr/lib/x86_64-linux-gnu/libavahi-common.so.3.5.3
7f12c1a4e000-7f12c1a4f000 rw-p 0000b000 08:06 1180096                    /usr/lib/x86_64-linux-gnu/libavahi-common.so.3.5.3
7f12c1a4f000-7f12c1b05000 r-xp 00000000 08:06 1188922                    /usr/lib/x86_64-linux-gnu/libgnutls.so.26.22.6
7f12c1b05000-7f12c1d05000 ---p 000b6000 08:06 1188922                    /usr/lib/x86_64-linux-gnu/libgnutls.so.26.22.6
7f12c1d05000-7f12c1d0b000 r--p 000b6000 08:06 1188922                    /usr/lib/x86_64-linux-gnu/libgnutls.so.26.22.6
7f12c1d0b000-7f12c1d0c000 rw-p 000bc000 08:06 1188922                    /usr/lib/x86_64-linux-gnu/libgnutls.so.26.22.6
7f12c1d0c000-7f12c1d0d000 rw-p 00000000 00:00 0 
7f12c1d0d000-7f12c1d48000 r-xp 00000000 08:06 1188957                    /usr/lib/x86_64-linux-gnu/libgssapi_krb5.so.2.2
7f12c1d48000-7f12c1f48000 ---p 0003b000 08:06 1188957                    /usr/lib/x86_64-linux-gnu/libgssapi_krb5.so.2.2
7f12c1f48000-7f12c1f49000 r--p 0003b000 08:06 1188957                    /usr/lib/x86_64-linux-gnu/libgssapi_krb5.so.2.2
7f12c1f49000-7f12c1f4b000 rw-p 0003c000 08:06 1188957                    /usr/lib/x86_64-linux-gnu/libgssapi_krb5.so.2.2
7f12c1f4b000-7f12c1f88000 r-xp 00000000 08:06 397341                     /lib/x86_64-linux-gnu/libpcre.so.3.13.1
7f12c1f88000-7f12c2188000 ---p 0003d000 08:06 397341                     /lib/x86_64-linux-gnu/libpcre.so.3.13.1
7f12c2188000-7f12c2189000 r--p 0003d000 08:06 397341                     /lib/x86_64-linux-gnu/libpcre.so.3.13.1
7f12c2189000-7f12c218a000 rw-p 0003e000 08:06 397341                     /lib/x86_64-linux-gnu/libpcre.so.3.13.1
7f12c218a000-7f12c2191000 r-xp 00000000 08:06 1188815                    /usr/lib/x86_64-linux-gnu/libffi.so.6.0.1
7f12c2191000-7f12c2390000 ---p 00007000 08:06 1188815                    /usr/lib/x86_64-linux-gnu/libffi.so.6.0.1
7f12c2390000-7f12c2391000 r--p 00006000 08:06 1188815                    /usr/lib/x86_64-linux-gnu/libffi.so.6.0.1
7f12c2391000-7f12c2392000 rw-p 00007000 08:06 1188815                    /usr/lib/x86_64-linux-gnu/libffi.so.6.0.1
7f12c2392000-7f12c23b9000 r-xp 00000000 08:06 397262                     /lib/x86_64-linux-gnu/libexpat.so.1.6.0
7f12c23b9000-7f12c25b9000 ---p 00027000 08:06 397262                     /lib/x86_64-linux-gnu/libexpat.so.1.6.0
7f12c25b9000-7f12c25bb000 r--p 00027000 08:06 397262                     /lib/x86_64-linux-gnu/libexpat.so.1.6.0
7f12c25bb000-7f12c25bc000 rw-p 00029000 08:06 397262                     /lib/x86_64-linux-gnu/libexpat.so.1.6.0
7f12c25bc000-7f12c2658000 r-xp 00000000 08:06 1188841                    /usr/lib/x86_64-linux-gnu/libfreetype.so.6.10.1
7f12c2658000-7f12c2858000 ---p 0009c000 08:06 1188841                    /usr/lib/x86_64-linux-gnu/libfreetype.so.6.10.1
7f12c2858000-7f12c285d000 r--p 0009c000 08:06 1188841                    /usr/lib/x86_64-linux-gnu/libfreetype.so.6.10.1
7f12c285d000-7f12c285e000 rw-p 000a1000 08:06 1188841                    /usr/lib/x86_64-linux-gnu/libfreetype.so.6.10.1
7f12c285e000-7f12c2866000 r-xp 00000000 08:06 1189383                    /usr/lib/x86_64-linux-gnu/libthai.so.0.2.0
7f12c2866000-7f12c2a65000 ---p 00008000 08:06 1189383                    /usr/lib/x86_64-linux-gnu/libthai.so.0.2.0
7f12c2a65000-7f12c2a66000 r--p 00007000 08:06 1189383                    /usr/lib/x86_64-linux-gnu/libthai.so.0.2.0
7f12c2a66000-7f12c2a67000 rw-p 00008000 08:06 1189383                    /usr/lib/x86_64-linux-gnu/libthai.so.0.2.0
7f12c2a67000-7f12c2a7d000 r-xp 00000000 08:06 397364                     /lib/x86_64-linux-gnu/libresolv-2.17.so
7f12c2a7d000-7f12c2c7d000 ---p 00016000 08:06 397364                     /lib/x86_64-linux-gnu/libresolv-2.17.so
7f12c2c7d000-7f12c2c7e000 r--p 00016000 08:06 397364                     /lib/x86_64-linux-gnu/libresolv-2.17.so
7f12c2c7e000-7f12c2c7f000 rw-p 00017000 08:06 397364                     /lib/x86_64-linux-gnu/libresolv-2.17.so
7f12c2c7f000-7f12c2c81000 rw-p 00000000 00:00 0 
7f12c2c81000-7f12c2ca0000 r-xp 00000000 08:06 397368                     /lib/x86_64-linux-gnu/libselinux.so.1
7f12c2ca0000-7f12c2ea0000 ---p 0001f000 08:06 397368                     /lib/x86_64-linux-gnu/libselinux.so.1
7f12c2ea0000-7f12c2ea1000 r--p 0001f000 08:06 397368                     /lib/x86_64-linux-gnu/libselinux.so.1
7f12c2ea1000-7f12c2ea2000 rw-p 00020000 08:06 397368                     /lib/x86_64-linux-gnu/libselinux.so.1
7f12c2ea2000-7f12c2ea3000 rw-p 00000000 00:00 0 
7f12c2ea3000-7f12c2ea5000 r-xp 00000000 08:06 1188581                    /usr/lib/x86_64-linux-gnu/libXdamage.so.1.1.0
7f12c2ea5000-7f12c30a4000 ---p 00002000 08:06 1188581                    /usr/lib/x86_64-linux-gnu/libXdamage.so.1.1.0
7f12c30a4000-7f12c30a5000 r--p 00001000 08:06 1188581                    /usr/lib/x86_64-linux-gnu/libXdamage.so.1.1.0
7f12c30a5000-7f12c30a6000 rw-p 00002000 08:06 1188581                    /usr/lib/x86_64-linux-gnu/libXdamage.so.1.1.0
7f12c30a6000-7f12c30a8000 r-xp 00000000 08:06 1188577                    /usr/lib/x86_64-linux-gnu/libXcomposite.so.1.0.0
7f12c30a8000-7f12c32a7000 ---p 00002000 08:06 1188577                    /usr/lib/x86_64-linux-gnu/libXcomposite.so.1.0.0
7f12c32a7000-7f12c32a8000 r--p 00001000 08:06 1188577                    /usr/lib/x86_64-linux-gnu/libXcomposite.so.1.0.0
7f12c32a8000-7f12c32a9000 rw-p 00002000 08:06 1188577                    /usr/lib/x86_64-linux-gnu/libXcomposite.so.1.0.0
7f12c32a9000-7f12c32b2000 r-xp 00000000 08:06 1188579                    /usr/lib/x86_64-linux-gnu/libXcursor.so.1.0.2
7f12c32b2000-7f12c34b1000 ---p 00009000 08:06 1188579                    /usr/lib/x86_64-linux-gnu/libXcursor.so.1.0.2
7f12c34b1000-7f12c34b2000 r--p 00008000 08:06 1188579                    /usr/lib/x86_64-linux-gnu/libXcursor.so.1.0.2
7f12c34b2000-7f12c34b3000 rw-p 00009000 08:06 1188579                    /usr/lib/x86_64-linux-gnu/libXcursor.so.1.0.2
7f12c34b3000-7f12c34bc000 r-xp 00000000 08:06 1188605                    /usr/lib/x86_64-linux-gnu/libXrandr.so.2.2.0
7f12c34bc000-7f12c36bb000 ---p 00009000 08:06 1188605                    /usr/lib/x86_64-linux-gnu/libXrandr.so.2.2.0
7f12c36bb000-7f12c36bc000 r--p 00008000 08:06 1188605                    /usr/lib/x86_64-linux-gnu/libXrandr.so.2.2.0
7f12c36bc000-7f12c36bd000 rw-p 00009000 08:06 1188605                    /usr/lib/x86_64-linux-gnu/libXrandr.so.2.2.0
7f12c36bd000-7f12c36bf000 r-xp 00000000 08:06 1188595                    /usr/lib/x86_64-linux-gnu/libXinerama.so.1.0.0
7f12c36bf000-7f12c38be000 ---p 00002000 08:06 1188595                    /usr/lib/x86_64-linux-gnu/libXinerama.so.1.0.0
7f12c38be000-7f12c38bf000 r--p 00001000 08:06 1188595                    /usr/lib/x86_64-linux-gnu/libXinerama.so.1.0.0
7f12c38bf000-7f12c38c0000 rw-p 00002000 08:06 1188595                    /usr/lib/x86_64-linux-gnu/libXinerama.so.1.0.0
7f12c38c0000-7f12c38d4000 r-xp 00000000 08:06 1189231                    /usr/lib/x86_64-linux-gnu/libpangoft2-1.0.so.0.3200.5
7f12c38d4000-7f12c3ad3000 ---p 00014000 08:06 1189231                    /usr/lib/x86_64-linux-gnu/libpangoft2-1.0.so.0.3200.5
7f12c3ad3000-7f12c3ad4000 r--p 00013000 08:06 1189231                    /usr/lib/x86_64-linux-gnu/libpangoft2-1.0.so.0.3200.5
7f12c3ad4000-7f12c3ad5000 rw-p 00014000 08:06 1189231                    /usr/lib/x86_64-linux-gnu/libpangoft2-1.0.so.0.3200.5
7f12c3ad5000-7f12c3bd9000 r-xp 00000000 08:06 1188687                    /usr/lib/x86_64-linux-gnu/libcairo.so.2.11200.16
7f12c3bd9000-7f12c3dd8000 ---p 00104000 08:06 1188687                    /usr/lib/x86_64-linux-gnu/libcairo.so.2.11200.16
7f12c3dd8000-7f12c3ddb000 r--p 00103000 08:06 1188687                    /usr/lib/x86_64-linux-gnu/libcairo.so.2.11200.16
7f12c3ddb000-7f12c3ddc000 rw-p 00106000 08:06 1188687                    /usr/lib/x86_64-linux-gnu/libcairo.so.2.11200.16
7f12c3ddc000-7f12c3dde000 rw-p 00000000 00:00 0 
7f12c3dde000-7f12c3dfd000 r-xp 00000000 08:06 1188651                    /usr/lib/x86_64-linux-gnu/libatk-1.0.so.0.21009.1
7f12c3dfd000-7f12c3ffd000 ---p 0001f000 08:06 1188651                    /usr/lib/x86_64-linux-gnu/libatk-1.0.so.0.21009.1
7f12c3ffd000-7f12c3fff000 r--p 0001f000 08:06 1188651                    /usr/lib/x86_64-linux-gnu/libatk-1.0.so.0.21009.1
7f12c3fff000-7f12c4000000 rw-p 00021000 08:06 1188651                    /usr/lib/x86_64-linux-gnu/libatk-1.0.so.0.21009.1
7f12c4000000-7f12c4225000 rw-p 00000000 00:00 0 
7f12c4225000-7f12c8000000 ---p 00000000 00:00 0 
7f12c8000000-7f12c8021000 rw-p 00000000 00:00 0 
7f12c8021000-7f12cc000000 ---p 00000000 00:00 0 
7f12cc000000-7f12cc021000 rw-p 00000000 00:00 0 
7f12cc021000-7f12d0000000 ---p 00000000 00:00 0 
7f12d0000000-7f12d01e2000 rw-p 00000000 00:00 0 
7f12d01e2000-7f12d4000000 ---p 00000000 00:00 0 
7f12d4000000-7f12d4021000 rw-p 00000000 00:00 0 
7f12d4021000-7f12d8000000 ---p 00000000 00:00 0 
7f12d8000000-7f12d8021000 rw-p 00000000 00:00 0 
7f12d8021000-7f12dc000000 ---p 00000000 00:00 0 
7f12dc017000-7f12dc02c000 rw-s 103792000 00:05 11852                     /dev/nvidia0
7f12dc02c000-7f12dc02f000 ---p 00000000 00:00 0 
7f12dc02f000-7f12dc12d000 rw-p 00000000 00:00 0                          [stack:4180]
7f12dc12d000-7f12dc132000 r-xp 00000000 08:06 1188587                    /usr/lib/x86_64-linux-gnu/libXfixes.so.3.1.0
7f12dc132000-7f12dc331000 ---p 00005000 08:06 1188587                    /usr/lib/x86_64-linux-gnu/libXfixes.so.3.1.0
7f12dc331000-7f12dc332000 r--p 00004000 08:06 1188587                    /usr/lib/x86_64-linux-gnu/libXfixes.so.3.1.0
7f12dc332000-7f12dc333000 rw-p 00005000 08:06 1188587                    /usr/lib/x86_64-linux-gnu/libXfixes.so.3.1.0
7f12dc333000-7f12dc33e000 r-xp 00000000 08:06 1189229                    /usr/lib/x86_64-linux-gnu/libpangocairo-1.0.so.0.3200.5
7f12dc33e000-7f12dc53e000 ---p 0000b000 08:06 1189229                    /usr/lib/x86_64-linux-gnu/libpangocairo-1.0.so.0.3200.5
7f12dc53e000-7f12dc53f000 r--p 0000b000 08:06 1189229                    /usr/lib/x86_64-linux-gnu/libpangocairo-1.0.so.0.3200.5
7f12dc53f000-7f12dc540000 rw-p 0000c000 08:06 1189229                    /usr/lib/x86_64-linux-gnu/libpangocairo-1.0.so.0.3200.5
7f12dc540000-7f12dc543000 r-xp 00000000 08:06 1184172                    /usr/lib/x86_64-linux-gnu/libgmodule-2.0.so.0.3800.1
7f12dc543000-7f12dc742000 ---p 00003000 08:06 1184172                    /usr/lib/x86_64-linux-gnu/libgmodule-2.0.so.0.3800.1
7f12dc742000-7f12dc743000 r--p 00002000 08:06 1184172                    /usr/lib/x86_64-linux-gnu/libgmodule-2.0.so.0.3800.1
7f12dc743000-7f12dc744000 rw-p 00003000 08:06 1184172                    /usr/lib/x86_64-linux-gnu/libgmodule-2.0.so.0.3800.1
7f12dc744000-7f12dc761000 r-xp 00000000 08:06 1189471                    /usr/lib/x86_64-linux-gnu/libxcb.so.1.1.0
7f12dc761000-7f12dc960000 ---p 0001d000 08:06 1189471                    /usr/lib/x86_64-linux-gnu/libxcb.so.1.1.0
7f12dc960000-7f12dc961000 r--p 0001c000 08:06 1189471                    /usr/lib/x86_64-linux-gnu/libxcb.so.1.1.0
7f12dc961000-7f12dc962000 rw-p 0001d000 08:06 1189471                    /usr/lib/x86_64-linux-gnu/libxcb.so.1.1.0
7f12dc962000-7f12dc9ce000 r-xp 00000000 08:06 1180179                    /usr/lib/x86_64-linux-gnu/libcups.so.2
7f12dc9ce000-7f12dcbcd000 ---p 0006c000 08:06 1180179                    /usr/lib/x86_64-linux-gnu/libcups.so.2
7f12dcbcd000-7f12dcbd4000 r--p 0006b000 08:06 1180179                    /usr/lib/x86_64-linux-gnu/libcups.so.2
7f12dcbd4000-7f12dcbd5000 rw-p 00072000 08:06 1180179                    /usr/lib/x86_64-linux-gnu/libcups.so.2
7f12dcbd5000-7f12dccd3000 r-xp 00000000 08:06 397154                     /lib/x86_64-linux-gnu/libglib-2.0.so.0.3800.1
7f12dccd3000-7f12dced3000 ---p 000fe000 08:06 397154                     /lib/x86_64-linux-gnu/libglib-2.0.so.0.3800.1
7f12dced3000-7f12dced4000 r--p 000fe000 08:06 397154                     /lib/x86_64-linux-gnu/libglib-2.0.so.0.3800.1
7f12dced4000-7f12dced5000 rw-p 000ff000 08:06 397154                     /lib/x86_64-linux-gnu/libglib-2.0.so.0.3800.1
7f12dced5000-7f12dced6000 rw-p 00000000 00:00 0 
7f12dced6000-7f12dced7000 r-xp 00000000 08:06 1184171                    /usr/lib/x86_64-linux-gnu/libgthread-2.0.so.0.3800.1
7f12dced7000-7f12dd0d6000 ---p 00001000 08:06 1184171                    /usr/lib/x86_64-linux-gnu/libgthread-2.0.so.0.3800.1
7f12dd0d6000-7f12dd0d7000 r--p 00000000 08:06 1184171                    /usr/lib/x86_64-linux-gnu/libgthread-2.0.so.0.3800.1
7f12dd0d7000-7f12dd0d8000 rw-p 00001000 08:06 1184171                    /usr/lib/x86_64-linux-gnu/libgthread-2.0.so.0.3800.1
7f12dd0d8000-7f12dd127000 r-xp 00000000 08:06 1180077                    /usr/lib/x86_64-linux-gnu/libgobject-2.0.so.0.3800.1
7f12dd127000-7f12dd327000 ---p 0004f000 08:06 1180077                    /usr/lib/x86_64-linux-gnu/libgobject-2.0.so.0.3800.1
7f12dd327000-7f12dd328000 r--p 0004f000 08:06 1180077                    /usr/lib/x86_64-linux-gnu/libgobject-2.0.so.0.3800.1
7f12dd328000-7f12dd329000 rw-p 00050000 08:06 1180077                    /usr/lib/x86_64-linux-gnu/libgobject-2.0.so.0.3800.1
7f12dd329000-7f12dd362000 r-xp 00000000 08:06 1188829                    /usr/lib/x86_64-linux-gnu/libfontconfig.so.1.7.0
7f12dd362000-7f12dd562000 ---p 00039000 08:06 1188829                    /usr/lib/x86_64-linux-gnu/libfontconfig.so.1.7.0
7f12dd562000-7f12dd564000 r--p 00039000 08:06 1188829                    /usr/lib/x86_64-linux-gnu/libfontconfig.so.1.7.0
7f12dd564000-7f12dd565000 rw-p 0003b000 08:06 1188829                    /usr/lib/x86_64-linux-gnu/libfontconfig.so.1.7.0
7f12dd565000-7f12dd5af000 r-xp 00000000 08:06 1189227                    /usr/lib/x86_64-linux-gnu/libpango-1.0.so.0.3200.5
7f12dd5af000-7f12dd7ae000 ---p 0004a000 08:06 1189227                    /usr/lib/x86_64-linux-gnu/libpango-1.0.so.0.3200.5
7f12dd7ae000-7f12dd7b0000 r--p 00049000 08:06 1189227                    /usr/lib/x86_64-linux-gnu/libpango-1.0.so.0.3200.5
7f12dd7b0000-7f12dd7b1000 rw-p 0004b000 08:06 1189227                    /usr/lib/x86_64-linux-gnu/libpango-1.0.so.0.3200.5
7f12dd7b1000-7f12dd7d0000 r-xp 00000000 08:06 1188878                    /usr/lib/x86_64-linux-gnu/libgdk_pixbuf-2.0.so.0.2800.1
7f12dd7d0000-7f12dd9cf000 ---p 0001f000 08:06 1188878                    /usr/lib/x86_64-linux-gnu/libgdk_pixbuf-2.0.so.0.2800.1
7f12dd9cf000-7f12dd9d0000 r--p 0001e000 08:06 1188878                    /usr/lib/x86_64-linux-gnu/libgdk_pixbuf-2.0.so.0.2800.1
7f12dd9d0000-7f12dd9d1000 rw-p 0001f000 08:06 1188878                    /usr/lib/x86_64-linux-gnu/libgdk_pixbuf-2.0.so.0.2800.1
7f12dd9d1000-7f12ddb2d000 r-xp 00000000 08:06 1180057                    /usr/lib/x86_64-linux-gnu/libgio-2.0.so.0.3800.1
7f12ddb2d000-7f12ddd2c000 ---p 0015c000 08:06 1180057                    /usr/lib/x86_64-linux-gnu/libgio-2.0.so.0.3800.1
7f12ddd2c000-7f12ddd30000 r--p 0015b000 08:06 1180057                    /usr/lib/x86_64-linux-gnu/libgio-2.0.so.0.3800.1
7f12ddd30000-7f12ddd32000 rw-p 0015f000 08:06 1180057                    /usr/lib/x86_64-linux-gnu/libgio-2.0.so.0.3800.1
7f12ddd32000-7f12ddd34000 rw-p 00000000 00:00 0 
7f12ddd34000-7f12ddde1000 r-xp 00000000 08:06 1188876                    /usr/lib/x86_64-linux-gnu/libgdk-x11-2.0.so.0.2400.20
7f12ddde1000-7f12ddfe0000 ---p 000ad000 08:06 1188876                    /usr/lib/x86_64-linux-gnu/libgdk-x11-2.0.so.0.2400.20
7f12ddfe0000-7f12ddfe4000 r--p 000ac000 08:06 1188876                    /usr/lib/x86_64-linux-gnu/libgdk-x11-2.0.so.0.2400.20
7f12ddfe4000-7f12ddfe6000 rw-p 000b0000 08:06 1188876                    /usr/lib/x86_64-linux-gnu/libgdk-x11-2.0.so.0.2400.20
7f12ddfe6000-7f12de415000 r-xp 00000000 08:06 1189041                    /usr/lib/x86_64-linux-gnu/libgtk-x11-2.0.so.0.2400.20
7f12de415000-7f12de614000 ---p 0042f000 08:06 1189041                    /usr/lib/x86_64-linux-gnu/libgtk-x11-2.0.so.0.2400.20
7f12de614000-7f12de61b000 r--p 0042e000 08:06 1189041                    /usr/lib/x86_64-linux-gnu/libgtk-x11-2.0.so.0.2400.20
7f12de61b000-7f12de61f000 rw-p 00435000 08:06 1189041                    /usr/lib/x86_64-linux-gnu/libgtk-x11-2.0.so.0.2400.20
7f12de61f000-7f12de622000 rw-p 00000000 00:00 0 
7f12de622000-7f12de631000 r-xp 00000000 08:06 1188593                    /usr/lib/x86_64-linux-gnu/libXi.so.6.1.0
7f12de631000-7f12de830000 ---p 0000f000 08:06 1188593                    /usr/lib/x86_64-linux-gnu/libXi.so.6.1.0
7f12de830000-7f12de831000 r--p 0000e000 08:06 1188593                    /usr/lib/x86_64-linux-gnu/libXi.so.6.1.0
7f12de831000-7f12de832000 rw-p 0000f000 08:06 1188593                    /usr/lib/x86_64-linux-gnu/libXi.so.6.1.0
7f12de832000-7f12de837000 r-xp 00000000 08:06 1188613                    /usr/lib/x86_64-linux-gnu/libXtst.so.6.1.0
7f12de837000-7f12dea36000 ---p 00005000 08:06 1188613                    /usr/lib/x86_64-linux-gnu/libXtst.so.6.1.0
7f12dea36000-7f12dea37000 r--p 00004000 08:06 1188613                    /usr/lib/x86_64-linux-gnu/libXtst.so.6.1.0
7f12dea37000-7f12dea38000 rw-p 00005000 08:06 1188613                    /usr/lib/x86_64-linux-gnu/libXtst.so.6.1.0
7f12dea38000-7f12dea41000 r-xp 00000000 08:06 1188607                    /usr/lib/x86_64-linux-gnu/libXrender.so.1.3.0
7f12dea41000-7f12dec40000 ---p 00009000 08:06 1188607                    /usr/lib/x86_64-linux-gnu/libXrender.so.1.3.0
7f12dec40000-7f12dec41000 r--p 00008000 08:06 1188607                    /usr/lib/x86_64-linux-gnu/libXrender.so.1.3.0
7f12dec41000-7f12dec42000 rw-p 00009000 08:06 1188607                    /usr/lib/x86_64-linux-gnu/libXrender.so.1.3.0
7f12dec42000-7f12ded72000 r-xp 00000000 08:06 1188568                    /usr/lib/x86_64-linux-gnu/libX11.so.6.3.0
7f12ded72000-7f12def72000 ---p 00130000 08:06 1188568                    /usr/lib/x86_64-linux-gnu/libX11.so.6.3.0
7f12def72000-7f12def73000 r--p 00130000 08:06 1188568                    /usr/lib/x86_64-linux-gnu/libX11.so.6.3.0
7f12def73000-7f12def77000 rw-p 00131000 08:06 1188568                    /usr/lib/x86_64-linux-gnu/libX11.so.6.3.0
7f12def77000-7f12def88000 r-xp 00000000 08:06 1188585                    /usr/lib/x86_64-linux-gnu/libXext.so.6.4.0
7f12def88000-7f12df187000 ---p 00011000 08:06 1188585                    /usr/lib/x86_64-linux-gnu/libXext.so.6.4.0
7f12df187000-7f12df188000 r--p 00010000 08:06 1188585                    /usr/lib/x86_64-linux-gnu/libXext.so.6.4.0
7f12df188000-7f12df189000 rw-p 00011000 08:06 1188585                    /usr/lib/x86_64-linux-gnu/libXext.so.6.4.0
7f12df189000-7f12df1da000 r-xp 00000000 08:06 1202149                    /usr/lib/jvm/java-7-openjdk-amd64/jre/lib/amd64/xawt/libmawt.so
7f12df1da000-7f12df3d9000 ---p 00051000 08:06 1202149                    /usr/lib/jvm/java-7-openjdk-amd64/jre/lib/amd64/xawt/libmawt.so
7f12df3d9000-7f12df3da000 r--p 00050000 08:06 1202149                    /usr/lib/jvm/java-7-openjdk-amd64/jre/lib/amd64/xawt/libmawt.so
7f12df3da000-7f12df3dd000 rw-p 00051000 08:06 1202149                    /usr/lib/jvm/java-7-openjdk-amd64/jre/lib/amd64/xawt/libmawt.so
7f12df3dd000-7f12df3de000 rw-p 00000000 00:00 0 
7f12df3de000-7f12df47e000 r-xp 00000000 08:06 1202007                    /usr/lib/jvm/java-7-openjdk-amd64/jre/lib/amd64/libawt.so
7f12df47e000-7f12df67d000 ---p 000a0000 08:06 1202007                    /usr/lib/jvm/java-7-openjdk-amd64/jre/lib/amd64/libawt.so
7f12df67d000-7f12df67e000 r--p 0009f000 08:06 1202007                    /usr/lib/jvm/java-7-openjdk-amd64/jre/lib/amd64/libawt.so
7f12df67e000-7f12df689000 rw-p 000a0000 08:06 1202007                    /usr/lib/jvm/java-7-openjdk-amd64/jre/lib/amd64/libawt.so
7f12df689000-7f12df6ae000 rw-p 00000000 00:00 0 
7f12df6ae000-7f12df71a000 r-xp 00000000 08:06 1196389                    /tmp/libgdxxelun/83c3ff60/libgdx64.so
7f12df71a000-7f12df91a000 ---p 0006c000 08:06 1196389                    /tmp/libgdxxelun/83c3ff60/libgdx64.so
7f12df91a000-7f12df91c000 r--p 0006c000 08:06 1196389                    /tmp/libgdxxelun/83c3ff60/libgdx64.so
7f12df91c000-7f12df91d000 rw-p 0006e000 08:06 1196389                    /tmp/libgdxxelun/83c3ff60/libgdx64.so
7f12df91d000-7f12df91e000 rw-p 00000000 00:00 0 
7f12df91e000-7f12e0000000 r--p 00000000 08:06 1187630                    /usr/lib/locale/locale-archive
7f12e0000000-7f12e0021000 rw-p 00000000 00:00 0 
7f12e0021000-7f12e4000000 ---p 00000000 00:00 0 
7f12e4000000-7f12e4021000 rw-p 00000000 00:00 0 
7f12e4021000-7f12e8000000 ---p 00000000 00:00 0 
7f12e8000000-7f12e8021000 rw-p 00000000 00:00 0 
7f12e8021000-7f12ec000000 ---p 00000000 00:00 0 
7f12ec001000-7f12ec003000 rw-p 00000000 00:00 0 
7f12ec003000-7f12ec005000 rw-s 00000000 08:06 1062404                    /tmp/gl21Rk2p (deleted)
7f12ec005000-7f12ec00c000 rw-s bd9fb000 00:05 11852                      /dev/nvidia0
7f12ec00c000-7f12ec00d000 rw-s e0006000 00:05 11852                      /dev/nvidia0
7f12ec00d000-7f12ec00e000 rw-s bebe2000 00:05 11852                      /dev/nvidia0
7f12ec00e000-7f12ec012000 rw-s bd8c5000 00:05 11852                      /dev/nvidia0
7f12ec013000-7f12ec014000 rw-s fb641000 00:05 11852                      /dev/nvidia0
7f12ec014000-7f12ec025000 r--p 00000000 08:06 1711624                    /usr/share/locale-langpack/es/LC_MESSAGES/pulseaudio.mo
7f12ec025000-7f12ec028000 ---p 00000000 00:00 0 
7f12ec028000-7f12ec126000 rw-p 00000000 00:00 0                          [stack:4179]
7f12ec126000-7f12ec130000 r--s 000b8000 08:06 1202013                    /usr/lib/jvm/java-7-openjdk-amd64/jre/lib/resources.jar
7f12ec130000-7f12ec137000 r--s 00000000 08:06 1444545                    /usr/lib/x86_64-linux-gnu/gconv/gconv-modules.cache
7f12ec137000-7f12ec15b000 r--p 00000000 08:06 1711537                    /usr/share/locale-langpack/es/LC_MESSAGES/libc.mo
7f12ec15b000-7f12ec171000 r--s 00145000 08:06 1049851                    /home/xelun/workspace/RoundWar/RoundWar/libs/gdx.jar
7f12ec171000-7f12ec172000 ---p 00000000 00:00 0 
7f12ec172000-7f12ec272000 rw-p 00000000 00:00 0                          [stack:4178]
7f12ec272000-7f12ec275000 ---p 00000000 00:00 0 
7f12ec275000-7f12ec373000 rw-p 00000000 00:00 0                          [stack:4177]
7f12ec373000-7f12ec376000 ---p 00000000 00:00 0 
7f12ec376000-7f12ec474000 rw-p 00000000 00:00 0                          [stack:4176]
7f12ec474000-7f12ec477000 ---p 00000000 00:00 0 
7f12ec477000-7f12ec575000 rw-p 00000000 00:00 0                          [stack:4175]
7f12ec575000-7f12ec578000 ---p 00000000 00:00 0 
7f12ec578000-7f12ec676000 rw-p 00000000 00:00 0                          [stack:4174]
7f12ec676000-7f12ec679000 ---p 00000000 00:00 0 
7f12ec679000-7f12ec777000 rw-p 00000000 00:00 0                          [stack:4173]
7f12ec777000-7f12ec77a000 ---p 00000000 00:00 0 
7f12ec77a000-7f12ec878000 rw-p 00000000 00:00 0                          [stack:4172]
7f12ec878000-7f12ec879000 ---p 00000000 00:00 0 
7f12ec879000-7f12ed30c000 rw-p 00000000 00:00 0                          [stack:4171]
7f12ed30c000-7f12ed4ba000 r--s 01cf4000 08:06 1202040                    /usr/lib/jvm/java-7-openjdk-amd64/jre/lib/rt.jar
7f12ed4ba000-7f12efbed000 rw-p 00000000 00:00 0 
7f12efbed000-7f12efbee000 ---p 00000000 00:00 0 
7f12efbee000-7f12efcee000 rw-p 00000000 00:00 0                          [stack:4170]
7f12efcee000-7f12efcef000 ---p 00000000 00:00 0 
7f12efcef000-7f12efe04000 rw-p 00000000 00:00 0                          [stack:4169]
7f12efe04000-7f12eff39000 rw-p 00000000 00:00 0 
7f12eff39000-7f12eff44000 rw-p 00000000 00:00 0 
7f12eff44000-7f12eff8c000 rw-p 00000000 00:00 0 
7f12eff8c000-7f12effa1000 rw-p 00000000 00:00 0 
7f12effa1000-7f12f00d6000 rw-p 00000000 00:00 0 
7f12f00d6000-7f12f00e1000 rw-p 00000000 00:00 0 
7f12f00e1000-7f12f017b000 rw-p 00000000 00:00 0 
7f12f017b000-7f12f017c000 rw-p 00000000 00:00 0 
7f12f017c000-7f12f03ec000 rwxp 00000000 00:00 0 
7f12f03ec000-7f12f317c000 rw-p 00000000 00:00 0 
7f12f317c000-7f12f3184000 r-xp 00000000 08:06 1201973                    /usr/lib/jvm/java-7-openjdk-amd64/jre/lib/amd64/libzip.so
7f12f3184000-7f12f3383000 ---p 00008000 08:06 1201973                    /usr/lib/jvm/java-7-openjdk-amd64/jre/lib/amd64/libzip.so
7f12f3383000-7f12f3384000 r--p 00007000 08:06 1201973                    /usr/lib/jvm/java-7-openjdk-amd64/jre/lib/amd64/libzip.so
7f12f3384000-7f12f3385000 rw-p 00008000 08:06 1201973                    /usr/lib/jvm/java-7-openjdk-amd64/jre/lib/amd64/libzip.so
7f12f3385000-7f12f3391000 r-xp 00000000 08:06 397318                     /lib/x86_64-linux-gnu/libnss_files-2.17.so
7f12f3391000-7f12f3590000 ---p 0000c000 08:06 397318                     /lib/x86_64-linux-gnu/libnss_files-2.17.so
7f12f3590000-7f12f3591000 r--p 0000b000 08:06 397318                     /lib/x86_64-linux-gnu/libnss_files-2.17.so
7f12f3591000-7f12f3592000 rw-p 0000c000 08:06 397318                     /lib/x86_64-linux-gnu/libnss_files-2.17.so
7f12f3592000-7f12f359d000 r-xp 00000000 08:06 397323                     /lib/x86_64-linux-gnu/libnss_nis-2.17.so
7f12f359d000-7f12f379c000 ---p 0000b000 08:06 397323                     /lib/x86_64-linux-gnu/libnss_nis-2.17.so
7f12f379c000-7f12f379d000 r--p 0000a000 08:06 397323                     /lib/x86_64-linux-gnu/libnss_nis-2.17.so
7f12f379d000-7f12f379e000 rw-p 0000b000 08:06 397323                     /lib/x86_64-linux-gnu/libnss_nis-2.17.so
7f12f379e000-7f12f37b5000 r-xp 00000000 08:06 397312                     /lib/x86_64-linux-gnu/libnsl-2.17.so
7f12f37b5000-7f12f39b4000 ---p 00017000 08:06 397312                     /lib/x86_64-linux-gnu/libnsl-2.17.so
7f12f39b4000-7f12f39b5000 r--p 00016000 08:06 397312                     /lib/x86_64-linux-gnu/libnsl-2.17.so
7f12f39b5000-7f12f39b6000 rw-p 00017000 08:06 397312                     /lib/x86_64-linux-gnu/libnsl-2.17.so
7f12f39b6000-7f12f39b8000 rw-p 00000000 00:00 0 
7f12f39b8000-7f12f39c0000 r-xp 00000000 08:06 397314                     /lib/x86_64-linux-gnu/libnss_compat-2.17.so
7f12f39c0000-7f12f3bbf000 ---p 00008000 08:06 397314                     /lib/x86_64-linux-gnu/libnss_compat-2.17.so
7f12f3bbf000-7f12f3bc0000 r--p 00007000 08:06 397314                     /lib/x86_64-linux-gnu/libnss_compat-2.17.so
7f12f3bc0000-7f12f3bc1000 rw-p 00008000 08:06 397314                     /lib/x86_64-linux-gnu/libnss_compat-2.17.so
7f12f3bc1000-7f12f3bec000 r-xp 00000000 08:06 1201970                    /usr/lib/jvm/java-7-openjdk-amd64/jre/lib/amd64/libjava.so
7f12f3bec000-7f12f3deb000 ---p 0002b000 08:06 1201970                    /usr/lib/jvm/java-7-openjdk-amd64/jre/lib/amd64/libjava.so
7f12f3deb000-7f12f3dec000 r--p 0002a000 08:06 1201970                    /usr/lib/jvm/java-7-openjdk-amd64/jre/lib/amd64/libjava.so
7f12f3dec000-7f12f3dee000 rw-p 0002b000 08:06 1201970                    /usr/lib/jvm/java-7-openjdk-amd64/jre/lib/amd64/libjava.so
7f12f3dee000-7f12f3dfe000 r-xp 00000000 08:06 1201984                    /usr/lib/jvm/java-7-openjdk-amd64/jre/lib/amd64/libverify.so
7f12f3dfe000-7f12f3ffd000 ---p 00010000 08:06 1201984                    /usr/lib/jvm/java-7-openjdk-amd64/jre/lib/amd64/libverify.so
7f12f3ffd000-7f12f3fff000 r--p 0000f000 08:06 1201984                    /usr/lib/jvm/java-7-openjdk-amd64/jre/lib/amd64/libverify.so
7f12f3fff000-7f12f4000000 rw-p 00011000 08:06 1201984                    /usr/lib/jvm/java-7-openjdk-amd64/jre/lib/amd64/libverify.so
7f12f4000000-7f12f4303000 rw-p 00000000 00:00 0 
7f12f4303000-7f12f8000000 ---p 00000000 00:00 0 
7f12f8000000-7f12f8001000 rw-s 4a14f000 00:05 11852                      /dev/nvidia0
7f12f8001000-7f12f8002000 rw-s bb597000 00:05 11852                      /dev/nvidia0
7f12f8002000-7f12f8003000 rw-s fb060000 00:05 11852                      /dev/nvidia0
7f12f8003000-7f12f8014000 r--s 00127000 08:06 1049866                    /home/xelun/workspace/RoundWar/RoundWar-desktop/libs/gdx-backend-lwjgl.jar
7f12f8014000-7f12f8068000 rw-p 00000000 00:00 0 
7f12f8068000-7f12f80b0000 rw-p 00000000 00:00 0 
7f12f80b0000-7f12f80b7000 r-xp 00000000 08:06 397366                     /lib/x86_64-linux-gnu/librt-2.17.so
7f12f80b7000-7f12f82b6000 ---p 00007000 08:06 397366                     /lib/x86_64-linux-gnu/librt-2.17.so
7f12f82b6000-7f12f82b7000 r--p 00006000 08:06 397366                     /lib/x86_64-linux-gnu/librt-2.17.so
7f12f82b7000-7f12f82b8000 rw-p 00007000 08:06 397366                     /lib/x86_64-linux-gnu/librt-2.17.so
7f12f82b8000-7f12f82cd000 r-xp 00000000 08:06 393221                     /lib/x86_64-linux-gnu/libgcc_s.so.1
7f12f82cd000-7f12f84cc000 ---p 00015000 08:06 393221                     /lib/x86_64-linux-gnu/libgcc_s.so.1
7f12f84cc000-7f12f84cd000 r--p 00014000 08:06 393221                     /lib/x86_64-linux-gnu/libgcc_s.so.1
7f12f84cd000-7f12f84ce000 rw-p 00015000 08:06 393221                     /lib/x86_64-linux-gnu/libgcc_s.so.1
7f12f84ce000-7f12f85d1000 r-xp 00000000 08:06 397293                     /lib/x86_64-linux-gnu/libm-2.17.so
7f12f85d1000-7f12f87d0000 ---p 00103000 08:06 397293                     /lib/x86_64-linux-gnu/libm-2.17.so
7f12f87d0000-7f12f87d1000 r--p 00102000 08:06 397293                     /lib/x86_64-linux-gnu/libm-2.17.so
7f12f87d1000-7f12f87d2000 rw-p 00103000 08:06 397293                     /lib/x86_64-linux-gnu/libm-2.17.so
7f12f87d2000-7f12f88b8000 r-xp 00000000 08:06 1185843                    /usr/lib/x86_64-linux-gnu/libstdc++.so.6.0.18
7f12f88b8000-7f12f8ab7000 ---p 000e6000 08:06 1185843                    /usr/lib/x86_64-linux-gnu/libstdc++.so.6.0.18
7f12f8ab7000-7f12f8abf000 r--p 000e5000 08:06 1185843                    /usr/lib/x86_64-linux-gnu/libstdc++.so.6.0.18
7f12f8abf000-7f12f8ac1000 rw-p 000ed000 08:06 1185843                    /usr/lib/x86_64-linux-gnu/libstdc++.so.6.0.18
7f12f8ac1000-7f12f8ad6000 rw-p 00000000 00:00 0 
7f12f8ad6000-7f12f95b5000 r-xp 00000000 08:06 1201998                    /usr/lib/jvm/java-7-openjdk-amd64/jre/lib/amd64/server/libjvm.so
7f12f95b5000-7f12f97b4000 ---p 00adf000 08:06 1201998                    /usr/lib/jvm/java-7-openjdk-amd64/jre/lib/amd64/server/libjvm.so
7f12f97b4000-7f12f9846000 r--p 00ade000 08:06 1201998                    /usr/lib/jvm/java-7-openjdk-amd64/jre/lib/amd64/server/libjvm.so
7f12f9846000-7f12f9869000 rw-p 00b70000 08:06 1201998                    /usr/lib/jvm/java-7-openjdk-amd64/jre/lib/amd64/server/libjvm.so
7f12f9869000-7f12f9896000 rw-p 00000000 00:00 0 
7f12f9896000-7f12f98ae000 r-xp 00000000 08:06 397400                     /lib/x86_64-linux-gnu/libz.so.1.2.8
7f12f98ae000-7f12f9aad000 ---p 00018000 08:06 397400                     /lib/x86_64-linux-gnu/libz.so.1.2.8
7f12f9aad000-7f12f9aae000 r--p 00017000 08:06 397400                     /lib/x86_64-linux-gnu/libz.so.1.2.8
7f12f9aae000-7f12f9aaf000 rw-p 00018000 08:06 397400                     /lib/x86_64-linux-gnu/libz.so.1.2.8
7f12f9aaf000-7f12f9ac6000 r-xp 00000000 08:06 397358                     /lib/x86_64-linux-gnu/libpthread-2.17.so
7f12f9ac6000-7f12f9cc6000 ---p 00017000 08:06 397358                     /lib/x86_64-linux-gnu/libpthread-2.17.so
7f12f9cc6000-7f12f9cc7000 r--p 00017000 08:06 397358                     /lib/x86_64-linux-gnu/libpthread-2.17.so
7f12f9cc7000-7f12f9cc8000 rw-p 00018000 08:06 397358                     /lib/x86_64-linux-gnu/libpthread-2.17.so
7f12f9cc8000-7f12f9ccc000 rw-p 00000000 00:00 0 
7f12f9ccc000-7f12f9ccf000 r-xp 00000000 08:06 397257                     /lib/x86_64-linux-gnu/libdl-2.17.so
7f12f9ccf000-7f12f9ece000 ---p 00003000 08:06 397257                     /lib/x86_64-linux-gnu/libdl-2.17.so
7f12f9ece000-7f12f9ecf000 r--p 00002000 08:06 397257                     /lib/x86_64-linux-gnu/libdl-2.17.so
7f12f9ecf000-7f12f9ed0000 rw-p 00003000 08:06 397257                     /lib/x86_64-linux-gnu/libdl-2.17.so
7f12f9ed0000-7f12fa08d000 r-xp 00000000 08:06 397242                     /lib/x86_64-linux-gnu/libc-2.17.so
7f12fa08d000-7f12fa28d000 ---p 001bd000 08:06 397242                     /lib/x86_64-linux-gnu/libc-2.17.so
7f12fa28d000-7f12fa291000 r--p 001bd000 08:06 397242                     /lib/x86_64-linux-gnu/libc-2.17.so
7f12fa291000-7f12fa293000 rw-p 001c1000 08:06 397242                     /lib/x86_64-linux-gnu/libc-2.17.so
7f12fa293000-7f12fa298000 rw-p 00000000 00:00 0 
7f12fa298000-7f12fa2a5000 r-xp 00000000 08:06 1202004                    /usr/lib/jvm/java-7-openjdk-amd64/jre/lib/amd64/jli/libjli.so
7f12fa2a5000-7f12fa4a4000 ---p 0000d000 08:06 1202004                    /usr/lib/jvm/java-7-openjdk-amd64/jre/lib/amd64/jli/libjli.so
7f12fa4a4000-7f12fa4a5000 r--p 0000c000 08:06 1202004                    /usr/lib/jvm/java-7-openjdk-amd64/jre/lib/amd64/jli/libjli.so
7f12fa4a5000-7f12fa4a6000 rw-p 0000d000 08:06 1202004                    /usr/lib/jvm/java-7-openjdk-amd64/jre/lib/amd64/jli/libjli.so
7f12fa4a6000-7f12fa4c9000 r-xp 00000000 08:06 397218                     /lib/x86_64-linux-gnu/ld-2.17.so
7f12fa4c9000-7f12fa4ca000 r--s 00123000 08:06 1049867                    /home/xelun/workspace/RoundWar/RoundWar-desktop/libs/gdx-natives.jar
7f12fa4ca000-7f12fa4cc000 r--s 0019e000 08:06 1049865                    /home/xelun/workspace/RoundWar/RoundWar-desktop/libs/gdx-backend-lwjgl-natives.jar
7f12fa4cc000-7f12fa4cd000 r--s 00002000 08:06 1202020                    /usr/lib/jvm/java-7-openjdk-amd64/jre/lib/ext/dnsns.jar
7f12fa4cd000-7f12fa4d0000 r--s 0000f000 08:06 1202017                    /usr/lib/jvm/java-7-openjdk-amd64/jre/lib/ext/pulse-java.jar
7f12fa4d0000-7f12fa4f1000 rw-p 00000000 00:00 0 
7f12fa4f1000-7f12fa5a7000 rw-p 00000000 00:00 0 
7f12fa5a7000-7f12fa5aa000 ---p 00000000 00:00 0 
7f12fa5aa000-7f12fa6ad000 rw-p 00000000 00:00 0                          [stack:4165]
7f12fa6ad000-7f12fa6af000 r--s 00012000 08:06 1202018                    /usr/lib/jvm/java-7-openjdk-amd64/jre/lib/ext/zipfs.jar
7f12fa6af000-7f12fa6b3000 r--s 0003b000 08:06 1202021                    /usr/lib/jvm/java-7-openjdk-amd64/jre/lib/ext/sunpkcs11.jar
7f12fa6b3000-7f12fa6b6000 r--s 00032000 08:06 1202019                    /usr/lib/jvm/java-7-openjdk-amd64/jre/lib/ext/sunjce_provider.jar
7f12fa6b6000-7f12fa6b8000 r--s 00006000 08:06 1592191                    /usr/share/java/java-atk-wrapper.jar
7f12fa6b8000-7f12fa6bc000 r--s 00085000 08:06 1202016                    /usr/lib/jvm/java-7-openjdk-amd64/jre/lib/ext/localedata.jar
7f12fa6bc000-7f12fa6c4000 rw-s 00000000 08:06 1062400                    /tmp/hsperfdata_xelun/4162
7f12fa6c4000-7f12fa6c5000 rw-p 00000000 00:00 0 
7f12fa6c5000-7f12fa6c6000 r--p 00000000 00:00 0 
7f12fa6c6000-7f12fa6c8000 rw-p 00000000 00:00 0 
7f12fa6c8000-7f12fa6c9000 r--p 00022000 08:06 397218                     /lib/x86_64-linux-gnu/ld-2.17.so
7f12fa6c9000-7f12fa6cb000 rw-p 00023000 08:06 397218                     /lib/x86_64-linux-gnu/ld-2.17.so
7fffa9ad9000-7fffa9afa000 rw-p 00000000 00:00 0                          [stack]
7fffa9bfe000-7fffa9c00000 r-xp 00000000 00:00 0                          [vdso]
ffffffffff600000-ffffffffff601000 r-xp 00000000 00:00 0                  [vsyscall]

VM Arguments:
jvm_args: -Dfile.encoding=UTF-8 
java_command: com.roundwar.Main
Launcher Type: SUN_STANDARD

Environment Variables:
PATH=/usr/local/sbin:/usr/local/bin:/usr/sbin:/usr/bin:/sbin:/bin:/usr/games:/usr/local/games
USERNAME=xelun
SHELL=/bin/bash
DISPLAY=:0.0

Signal Handlers:
SIGSEGV: [libjvm.so+0x916ea0], sa_mask[0]=0x7ffbfeff, sa_flags=0x10000004
SIGBUS: [libjvm.so+0x916ea0], sa_mask[0]=0x7ffbfeff, sa_flags=0x10000004
SIGFPE: [libjvm.so+0x794800], sa_mask[0]=0x7ffbfeff, sa_flags=0x10000004
SIGPIPE: [libjvm.so+0x794800], sa_mask[0]=0x7ffbfeff, sa_flags=0x10000004
SIGXFSZ: [libjvm.so+0x794800], sa_mask[0]=0x7ffbfeff, sa_flags=0x10000004
SIGILL: [libjvm.so+0x794800], sa_mask[0]=0x7ffbfeff, sa_flags=0x10000004
SIGUSR1: SIG_DFL, sa_mask[0]=0x00000000, sa_flags=0x00000000
SIGUSR2: [libjvm.so+0x7946a0], sa_mask[0]=0x00000004, sa_flags=0x10000004
SIGHUP: [libjvm.so+0x794880], sa_mask[0]=0x7ffbfeff, sa_flags=0x10000004
SIGINT: [libjvm.so+0x794880], sa_mask[0]=0x7ffbfeff, sa_flags=0x10000004
SIGTERM: [libjvm.so+0x794880], sa_mask[0]=0x7ffbfeff, sa_flags=0x10000004
SIGQUIT: [libjvm.so+0x794880], sa_mask[0]=0x7ffbfeff, sa_flags=0x10000004


---------------  S Y S T E M  ---------------

OS:Ubuntu 13.10 (saucy)
uname:Linux 3.11.0-17-generic #31-Ubuntu SMP Mon Feb 3 21:52:43 UTC 2014 x86_64
libc:glibc 2.17 NPTL 2.17 
rlimit: STACK 8192k, CORE 0k, NPROC 31467, NOFILE 4096, AS infinity
load average:0,37 0,37 0,47

/proc/meminfo:
MemTotal:        4048124 kB
MemFree:          900192 kB
Buffers:          122148 kB
Cached:           825340 kB
SwapCached:            0 kB
Active:          2403244 kB
Inactive:         516456 kB
Active(anon):    1960200 kB
Inactive(anon):    22284 kB
Active(file):     443044 kB
Inactive(file):   494172 kB
Unevictable:          68 kB
Mlocked:              68 kB
SwapTotal:       4194300 kB
SwapFree:        4194300 kB
Dirty:               200 kB
Writeback:             0 kB
AnonPages:       1972264 kB
Mapped:           228004 kB
Shmem:             10240 kB
Slab:              96864 kB
SReclaimable:      48164 kB
SUnreclaim:        48700 kB
KernelStack:        4432 kB
PageTables:        40012 kB
NFS_Unstable:          0 kB
Bounce:                0 kB
WritebackTmp:          0 kB
CommitLimit:     6218360 kB
Committed_AS:    6022000 kB
VmallocTotal:   34359738367 kB
VmallocUsed:       78780 kB
VmallocChunk:   34359654908 kB
HardwareCorrupted:     0 kB
AnonHugePages:         0 kB
HugePages_Total:       0
HugePages_Free:        0
HugePages_Rsvd:        0
HugePages_Surp:        0
Hugepagesize:       2048 kB
DirectMap4k:      249504 kB
DirectMap2M:     3944448 kB


CPU:total 2 (2 cores per cpu, 1 threads per core) family 6 model 23 stepping 10, cmov, cx8, fxsr, mmx, sse, sse2, sse3, ssse3, sse4.1, tsc

/proc/cpuinfo:
processor	: 0
vendor_id	: GenuineIntel
cpu family	: 6
model		: 23
model name	: Intel(R) Core(TM)2 Duo CPU     P8800  @ 2.66GHz
stepping	: 10
microcode	: 0xa07
cpu MHz		: 2668.000
cache size	: 3072 KB
physical id	: 0
siblings	: 2
core id		: 0
cpu cores	: 2
apicid		: 0
initial apicid	: 0
fpu		: yes
fpu_exception	: yes
cpuid level	: 13
wp		: yes
flags		: fpu vme de pse tsc msr pae mce cx8 apic sep mtrr pge mca cmov pat pse36 clflush dts acpi mmx fxsr sse sse2 ss ht tm pbe syscall nx lm constant_tsc arch_perfmon pebs bts rep_good nopl aperfmperf pni dtes64 monitor ds_cpl vmx smx est tm2 ssse3 cx16 xtpr pdcm sse4_1 xsave lahf_lm ida dtherm tpr_shadow vnmi flexpriority
bogomips	: 5333.29
clflush size	: 64
cache_alignment	: 64
address sizes	: 36 bits physical, 48 bits virtual
power management:

processor	: 1
vendor_id	: GenuineIntel
cpu family	: 6
model		: 23
model name	: Intel(R) Core(TM)2 Duo CPU     P8800  @ 2.66GHz
stepping	: 10
microcode	: 0xa07
cpu MHz		: 2668.000
cache size	: 3072 KB
physical id	: 0
siblings	: 2
core id		: 1
cpu cores	: 2
apicid		: 1
initial apicid	: 1
fpu		: yes
fpu_exception	: yes
cpuid level	: 13
wp		: yes
flags		: fpu vme de pse tsc msr pae mce cx8 apic sep mtrr pge mca cmov pat pse36 clflush dts acpi mmx fxsr sse sse2 ss ht tm pbe syscall nx lm constant_tsc arch_perfmon pebs bts rep_good nopl aperfmperf pni dtes64 monitor ds_cpl vmx smx est tm2 ssse3 cx16 xtpr pdcm sse4_1 xsave lahf_lm ida dtherm tpr_shadow vnmi flexpriority
bogomips	: 5333.29
clflush size	: 64
cache_alignment	: 64
address sizes	: 36 bits physical, 48 bits virtual
power management:



Memory: 4k page, physical 4048124k(900192k free), swap 4194300k(4194300k free)

vm_info: OpenJDK 64-Bit Server VM (24.45-b08) for linux-amd64 JRE (1.7.0_51-b00), built on Jan 15 2014 22:02:57 by "buildd" with gcc 4.8.1

time: Sat Mar  1 21:01:39 2014
elapsed time: 1 seconds

